{"action":27,"origin":"ac132689","date":"2022-05-13T01:08:50","phones":[],"objects":[],"characters":[52552],"vehicles":[],"interiors":[],"accounts":[132689],"content":"Spawned","factions":[]}
{"action":31,"origin":"ch52552","date":"2022-05-13T01:09:18","phones":[],"objects":[],"characters":[52552],"vehicles":[1252],"interiors":[],"accounts":[],"content":"STARTED ENGINE","factions":[]}
{"action":40,"origin":"ch52552","date":"2022-05-13T01:09:19","phones":[],"objects":[],"characters":[52552],"vehicles":[],"interiors":[],"accounts":[],"content":"Aaryan Stewart puts their helmet on.","factions":[]}
{"action":6,"origin":"ch52552","date":"2022-05-13T01:12:08","phones":[],"objects":[],"characters":[],"vehicles":[1252],"interiors":[],"accounts":[],"content":"PARK","factions":[]}
{"action":31,"origin":"ch52552","date":"2022-05-13T01:12:09","phones":[],"objects":[],"characters":[52552],"vehicles":[1252],"interiors":[],"accounts":[],"content":"STARTED ENGINE","factions":[]}
{"action":40,"origin":"ch52552","date":"2022-05-13T01:12:09","phones":[],"objects":[],"characters":[52552],"vehicles":[],"interiors":[],"accounts":[],"content":"Aaryan Stewart removes their helmet.","factions":[]}
{"action":40,"origin":"ch52552","date":"2022-05-13T01:12:26","phones":[],"objects":[],"characters":[52552],"vehicles":[],"interiors":[],"accounts":[],"content":"Aaryan Stewart يضع بيده لخلف ألقميص فيما يرفعه للأعلى و يتمسك بخصره من ثم يلتقط -ماغنوم 357 ريلوفر - كلاسيك","factions":[]}
{"action":27,"origin":"ac132689","date":"2022-05-13T01:12:35","phones":[],"objects":[],"characters":[52552],"vehicles":[],"interiors":[],"accounts":[132689],"content":"Disconnected (Quit) (Name: Aaryan_Stewart)","factions":[]}
{"action":27,"origin":"ac132804","date":"2022-05-13T01:20:53","phones":[],"objects":[],"characters":[],"vehicles":[],"interiors":[],"accounts":[132804],"content":"Connected from 197.52.120.255 - DF6A18BAD5AFC4E00FE0660B59F14954","factions":[]}
{"action":27,"origin":"ac132804","date":"2022-05-13T01:21:53","phones":[],"objects":[],"characters":[0],"vehicles":[],"interiors":[],"accounts":[132804],"content":"Disconnected (Quit) (Name: Player.Loading.1361)","factions":[]}
{"action":27,"origin":"ac132804","date":"2022-05-13T01:26:49","phones":[],"objects":[],"characters":[],"vehicles":[],"interiors":[],"accounts":[132804],"content":"Connected from 197.52.120.255 - DF6A18BAD5AFC4E00FE0660B59F14954","factions":[]}
{"action":27,"origin":"ac132804","date":"2022-05-13T01:31:59","phones":[],"objects":[],"characters":[0],"vehicles":[],"interiors":[],"accounts":[132804],"content":"Disconnected (Quit) (Name: Player.Loading.4093)","factions":[]}
{"action":27,"origin":"ac132675","date":"2022-05-13T02:02:01","phones":[],"objects":[],"characters":[],"vehicles":[],"interiors":[],"accounts":[132675],"content":"Connected from 37.8.103.70 - 01ECA5828FFADCDA9269952330312FF4","factions":[]}
{"action":27,"origin":"ac132675","date":"2022-05-13T02:02:11","phones":[],"objects":[],"characters":[52386],"vehicles":[],"interiors":[],"accounts":[132675],"content":"Spawned","factions":[]}
{"action":40,"origin":"ch52386","date":"2022-05-13T02:02:22","phones":[],"objects":[],"characters":[52386],"vehicles":[],"interiors":[],"accounts":[],"content":"Ismael Ortiz presses on the key to unlock the vehicle. ((2014 Dodge Challenger SRT©))","factions":[]}
{"action":31,"origin":"ch52386","date":"2022-05-13T02:02:22","phones":[],"objects":[],"characters":[],"vehicles":[1124],"interiors":[],"accounts":[],"content":"UNLOCK FROM OUTSIDE","factions":[]}
{"action":31,"origin":"ch52386","date":"2022-05-13T02:03:14","phones":[],"objects":[],"characters":[52386],"vehicles":[1124],"interiors":[],"accounts":[],"content":"STARTED ENGINE","factions":[]}
{"action":40,"origin":"ch52386","date":"2022-05-13T02:03:15","phones":[],"objects":[],"characters":[52386],"vehicles":[],"interiors":[],"accounts":[],"content":"Ismael Ortiz locks the vehicle doors.","factions":[]}
{"action":31,"origin":"ch52386","date":"2022-05-13T02:03:15","phones":[],"objects":[],"characters":[],"vehicles":[1124],"interiors":[],"accounts":[],"content":"LOCK FROM INSIDE","factions":[]}
{"action":40,"origin":"ch52386","date":"2022-05-13T02:03:15","phones":[],"objects":[],"characters":[52386],"vehicles":[],"interiors":[],"accounts":[],"content":"Ismael Ortiz buckles in their seatbelt.","factions":[]}
{"action":40,"origin":"ch52386","date":"2022-05-13T02:03:41","phones":[],"objects":[],"characters":[52386],"vehicles":[],"interiors":[],"accounts":[],"content":"Ismael Ortiz unlocks the vehicle doors.","factions":[]}
{"action":31,"origin":"ch52386","date":"2022-05-13T02:03:41","phones":[],"objects":[],"characters":[],"vehicles":[1124],"interiors":[],"accounts":[],"content":"UNLOCK FROM INSIDE","factions":[]}
{"action":40,"origin":"ch52386","date":"2022-05-13T02:03:42","phones":[],"objects":[],"characters":[52386],"vehicles":[],"interiors":[],"accounts":[],"content":"Ismael Ortiz locks the vehicle doors.","factions":[]}
{"action":31,"origin":"ch52386","date":"2022-05-13T02:03:42","phones":[],"objects":[],"characters":[],"vehicles":[1124],"interiors":[],"accounts":[],"content":"LOCK FROM INSIDE","factions":[]}
{"action":40,"origin":"ch52386","date":"2022-05-13T02:03:43","phones":[],"objects":[],"characters":[52386],"vehicles":[],"interiors":[],"accounts":[],"content":"Ismael Ortiz unlocks the vehicle doors.","factions":[]}
{"action":31,"origin":"ch52386","date":"2022-05-13T02:03:43","phones":[],"objects":[],"characters":[],"vehicles":[1124],"interiors":[],"accounts":[],"content":"UNLOCK FROM INSIDE","factions":[]}
{"action":40,"origin":"ch52386","date":"2022-05-13T02:03:44","phones":[],"objects":[],"characters":[52386],"vehicles":[],"interiors":[],"accounts":[],"content":"Ismael Ortiz locks the vehicle doors.","factions":[]}
{"action":31,"origin":"ch52386","date":"2022-05-13T02:03:44","phones":[],"objects":[],"characters":[],"vehicles":[1124],"interiors":[],"accounts":[],"content":"LOCK FROM INSIDE","factions":[]}
{"action":40,"origin":"ch52386","date":"2022-05-13T02:03:45","phones":[],"objects":[],"characters":[52386],"vehicles":[],"interiors":[],"accounts":[],"content":"Ismael Ortiz unlocks the vehicle doors.","factions":[]}
{"action":31,"origin":"ch52386","date":"2022-05-13T02:03:45","phones":[],"objects":[],"characters":[],"vehicles":[1124],"interiors":[],"accounts":[],"content":"UNLOCK FROM INSIDE","factions":[]}
{"action":40,"origin":"ch52386","date":"2022-05-13T02:03:51","phones":[],"objects":[],"characters":[52386],"vehicles":[],"interiors":[],"accounts":[],"content":"Ismael Ortiz unbuckles their seatbelt.","factions":[]}
{"action":40,"origin":"ch52386","date":"2022-05-13T02:03:57","phones":[],"objects":[],"characters":[52386],"vehicles":[],"interiors":[],"accounts":[],"content":"Ismael Ortiz puts the key in the door to unlock it.","factions":[]}
{"action":31,"origin":"ch52386","date":"2022-05-13T02:03:57","phones":[],"objects":[],"characters":[],"vehicles":[],"interiors":[595],"accounts":[],"content":"UNLOCK INTERIOR","factions":[]}
{"action":31,"origin":"ch52386","date":"2022-05-13T02:04:08","phones":[],"objects":[],"characters":[52386],"vehicles":[1124],"interiors":[595],"accounts":[],"content":"ENTERED\/EXITED","factions":[]}
{"action":40,"origin":"ch52386","date":"2022-05-13T02:04:21","phones":[],"objects":[],"characters":[52386],"vehicles":[],"interiors":[],"accounts":[],"content":"Ismael Ortiz locks the vehicle doors.","factions":[]}
{"action":31,"origin":"ch52386","date":"2022-05-13T02:04:21","phones":[],"objects":[],"characters":[],"vehicles":[1124],"interiors":[],"accounts":[],"content":"LOCK FROM INSIDE","factions":[]}
{"action":40,"origin":"ch52386","date":"2022-05-13T02:04:21","phones":[],"objects":[],"characters":[52386],"vehicles":[],"interiors":[],"accounts":[],"content":"Ismael Ortiz unlocks the vehicle doors.","factions":[]}
{"action":31,"origin":"ch52386","date":"2022-05-13T02:04:21","phones":[],"objects":[],"characters":[],"vehicles":[1124],"interiors":[],"accounts":[],"content":"UNLOCK FROM INSIDE","factions":[]}
{"action":40,"origin":"ch52386","date":"2022-05-13T02:04:39","phones":[],"objects":[],"characters":[52386],"vehicles":[],"interiors":[],"accounts":[],"content":"Ismael Ortiz puts the key in the door to lock it.","factions":[]}
{"action":31,"origin":"ch52386","date":"2022-05-13T02:04:39","phones":[],"objects":[],"characters":[],"vehicles":[],"interiors":[595],"accounts":[],"content":"LOCK INTERIOR","factions":[]}
{"action":31,"origin":"ch52386","date":"2022-05-13T02:04:46","phones":[],"objects":[],"characters":[52386],"vehicles":[1124],"interiors":[],"accounts":[],"content":"STARTED ENGINE","factions":[]}
{"action":40,"origin":"ch52386","date":"2022-05-13T02:04:47","phones":[],"objects":[],"characters":[52386],"vehicles":[],"interiors":[],"accounts":[],"content":"Ismael Ortiz locks the vehicle doors.","factions":[]}
{"action":31,"origin":"ch52386","date":"2022-05-13T02:04:47","phones":[],"objects":[],"characters":[],"vehicles":[1124],"interiors":[],"accounts":[],"content":"LOCK FROM INSIDE","factions":[]}
{"action":40,"origin":"ch52386","date":"2022-05-13T02:04:47","phones":[],"objects":[],"characters":[52386],"vehicles":[],"interiors":[],"accounts":[],"content":"Ismael Ortiz buckles in their seatbelt.","factions":[]}
{"action":27,"origin":"ac132805","date":"2022-05-13T02:31:59","phones":[],"objects":[],"characters":[],"vehicles":[],"interiors":[],"accounts":[132805],"content":"Connected from 151.254.213.194 - F08ACE60D9DA952F7B2022D155A8C944","factions":[]}
{"action":6,"origin":"ch52386","date":"2022-05-13T02:34:51","phones":[],"objects":[],"characters":[],"vehicles":[1124],"interiors":[],"accounts":[],"content":"REPAIR PAYNSPRAY","factions":[]}
{"action":27,"origin":"ac132654","date":"2022-05-13T02:36:46","phones":[],"objects":[],"characters":[],"vehicles":[],"interiors":[],"accounts":[132654],"content":"Connected from 8.41.6.82 - 3AFD74DD92368729F621402DDD296FB2","factions":[]}
{"action":27,"origin":"ac132654","date":"2022-05-13T02:36:55","phones":[],"objects":[],"characters":[52366],"vehicles":[],"interiors":[],"accounts":[132654],"content":"Spawned","factions":[]}
{"action":27,"origin":"ac132761","date":"2022-05-13T02:36:58","phones":[],"objects":[],"characters":[],"vehicles":[],"interiors":[],"accounts":[132761],"content":"Connected from 156.223.111.186 - 8B3791E7CBABCC2880EC410A966D2F54","factions":[]}
{"action":15,"origin":"ch52386","date":"2022-05-13T02:37:11","phones":[],"objects":[],"characters":[52386,52366],"vehicles":[],"interiors":[],"accounts":[],"content":"السلام علكوم","factions":[]}
{"action":15,"origin":"ch52366","date":"2022-05-13T02:37:24","phones":[],"objects":[],"characters":[52366,52386],"vehicles":[],"interiors":[],"accounts":[],"content":"و ع س","factions":[]}
{"action":27,"origin":"ac132761","date":"2022-05-13T02:37:35","phones":[],"objects":[],"characters":[52482],"vehicles":[],"interiors":[],"accounts":[132761],"content":"Spawned","factions":[]}
{"action":27,"origin":"ac132662","date":"2022-05-13T02:38:07","phones":[],"objects":[],"characters":[],"vehicles":[],"interiors":[],"accounts":[132662],"content":"Connected from 156.223.36.116 - 7431683CDB1EABBFA50C63F9AC5A1FA4","factions":[]}
{"action":15,"origin":"ch52386","date":"2022-05-13T02:38:08","phones":[],"objects":[],"characters":[52386,52366],"vehicles":[],"interiors":[],"accounts":[],"content":"س و ع","factions":[]}
{"action":4,"origin":"ch0","date":"2022-05-13T02:38:13","phones":[],"objects":[],"characters":[52482],"vehicles":[],"interiors":[],"accounts":[],"content":"DISARM","factions":[]}
{"action":27,"origin":"ac132662","date":"2022-05-13T02:38:21","phones":[],"objects":[],"characters":[52437],"vehicles":[],"interiors":[],"accounts":[132662],"content":"Spawned","factions":[]}
{"action":40,"origin":"ch52437","date":"2022-05-13T02:38:38","phones":[],"objects":[],"characters":[52437,52482],"vehicles":[],"interiors":[],"accounts":[],"content":"Ivan Zlatkov puts the key in the door to unlock it.","factions":[]}
{"action":31,"origin":"ch52437","date":"2022-05-13T02:38:38","phones":[],"objects":[],"characters":[],"vehicles":[],"interiors":[1676],"accounts":[],"content":"UNLOCK INTERIOR","factions":[]}
{"action":31,"origin":"ch52482","date":"2022-05-13T02:38:38","phones":[],"objects":[],"characters":[52482],"vehicles":[],"interiors":[1676],"accounts":[],"content":"EXITED","factions":[]}
{"action":31,"origin":"ch52437","date":"2022-05-13T02:38:39","phones":[],"objects":[],"characters":[52437],"vehicles":[],"interiors":[1676],"accounts":[],"content":"EXITED","factions":[]}
{"action":40,"origin":"ch52437","date":"2022-05-13T02:38:41","phones":[],"objects":[],"characters":[52437,52482],"vehicles":[],"interiors":[],"accounts":[],"content":"Ivan Zlatkov puts the key in the door to lock it.","factions":[]}
{"action":31,"origin":"ch52437","date":"2022-05-13T02:38:41","phones":[],"objects":[],"characters":[],"vehicles":[],"interiors":[1676],"accounts":[],"content":"LOCK INTERIOR","factions":[]}
{"action":39,"origin":"ch52437","date":"2022-05-13T02:38:54","phones":[],"objects":[],"characters":[52437],"vehicles":[],"interiors":[],"accounts":[],"content":"Ivan_Zlatkov->player #52482 - Item ID: 115 - IWI Uzi Pro @ (2801.529296875, -1106.806640625, 30.71981048584) in (int 0, dim 0)","factions":[]}
{"action":15,"origin":"ch52386","date":"2022-05-13T02:39:02","phones":[],"objects":[],"characters":[52386,52366],"vehicles":[],"interiors":[],"accounts":[],"content":"جبتو شحنة ولا ايه يسطا","factions":[]}
{"action":39,"origin":"ch52482","date":"2022-05-13T02:39:28","phones":[],"objects":[],"characters":[52482],"vehicles":[],"interiors":[],"accounts":[],"content":"Alexei_Lebedev->player #52437 - Item ID: 115 - IWI Uzi Pro @ (2805.9140625, -1099.912109375, 30.71981048584) in (int 0, dim 0)","factions":[]}
{"action":4,"origin":"ch52437","date":"2022-05-13T02:40:03","phones":[],"objects":[],"characters":[52482],"vehicles":[],"interiors":[],"accounts":[],"content":"GIVEWEAPON AK-47 mp9q08htmo9ZN80VmHWRmu180V","factions":[]}
{"action":4,"origin":"ch52437","date":"2022-05-13T02:41:35","phones":[],"objects":[],"characters":[52482],"vehicles":[],"interiors":[],"accounts":[],"content":"GIVESUPERMAN","factions":[]}
{"action":39,"origin":"ch52366","date":"2022-05-13T02:42:25","phones":[],"objects":[],"characters":[52366],"vehicles":[],"interiors":[],"accounts":[],"content":"Otari_Kalashov -> ~World #892261 - Note - ممنوع الركنه يا خول @ (2480.604, -1272.6096, 33.340675) in (int 0, dim 0)","factions":[]}
{"action":40,"origin":"ch52366","date":"2022-05-13T02:42:25","phones":[],"objects":[],"characters":[52366],"vehicles":[],"interiors":[],"accounts":[],"content":"Otari Kalashov dropped a Note.","factions":[]}
{"action":39,"origin":"ch52366","date":"2022-05-13T02:42:30","phones":[],"objects":[],"characters":[52366],"vehicles":[],"interiors":[],"accounts":[],"content":"Otari_Kalashov -> ~World #892262 - Note - *Ø²Ø¬Ø§Ø¬ Ù…Ø¨Ø¹Ø«Ø± ÙÙŠ Ø§Ù„Ø£Ø±Ø¶ÙŠØ© . @ (2479.5417, -1274.5266, 33.608704) in (int 0, dim 0)","factions":[]}
{"action":40,"origin":"ch52366","date":"2022-05-13T02:42:30","phones":[],"objects":[],"characters":[52366],"vehicles":[],"interiors":[],"accounts":[],"content":"Otari Kalashov dropped a Note.","factions":[]}
{"action":27,"origin":"ac132805","date":"2022-05-13T02:42:31","phones":[],"objects":[],"characters":[0],"vehicles":[],"interiors":[],"accounts":[132805],"content":"Disconnected (Quit) (Name: Player.Loading.6345)","factions":[]}
{"action":39,"origin":"ch52366","date":"2022-05-13T02:42:33","phones":[],"objects":[892262],"characters":[],"vehicles":[],"interiors":[],"accounts":[],"content":"~World #892262 @ (2479.5417480469, -1274.5266113281, 33.618705749512) in (int 0, dim 0) ->Otari_Kalashov - Note - *Ø²Ø¬Ø§Ø¬ Ù…Ø¨Ø¹Ø«Ø± ÙÙŠ Ø§Ù„Ø£Ø±Ø¶ÙŠØ© .","factions":[]}
{"action":40,"origin":"ch52366","date":"2022-05-13T02:42:33","phones":[],"objects":[],"characters":[52366],"vehicles":[],"interiors":[],"accounts":[],"content":"Otari Kalashov bends over and picks up a Note.","factions":[]}
{"action":40,"origin":"ch52366","date":"2022-05-13T02:42:35","phones":[],"objects":[],"characters":[52366],"vehicles":[],"interiors":[],"accounts":[],"content":"Otari Kalashov destroyed a Note.","factions":[]}
{"action":27,"origin":"ac132654","date":"2022-05-13T02:42:43","phones":[],"objects":[],"characters":[52366],"vehicles":[],"interiors":[],"accounts":[132654],"content":"Disconnected (Quit) (Name: Otari_Kalashov)","factions":[]}
{"action":40,"origin":"ch52482","date":"2022-05-13T02:42:55","phones":[],"objects":[],"characters":[52437,52482],"vehicles":[],"interiors":[],"accounts":[],"content":"Alexei Lebedev switches the firing mode to semi-auto.","factions":[]}
{"action":27,"origin":"ac132805","date":"2022-05-13T02:42:56","phones":[],"objects":[],"characters":[],"vehicles":[],"interiors":[],"accounts":[132805],"content":"Connected from 151.254.213.194 - F08ACE60D9DA952F7B2022D155A8C944","factions":[]}
{"action":40,"origin":"ch52482","date":"2022-05-13T02:42:58","phones":[],"objects":[],"characters":[52482],"vehicles":[],"interiors":[],"accounts":[],"content":"Alexei Lebedev switches the firing mode to full-auto.","factions":[]}
{"action":27,"origin":"ac132654","date":"2022-05-13T02:43:06","phones":[],"objects":[],"characters":[],"vehicles":[],"interiors":[],"accounts":[132654],"content":"Connected from 8.41.6.82 - 3AFD74DD92368729F621402DDD296FB2","factions":[]}
{"action":27,"origin":"ac132654","date":"2022-05-13T02:43:14","phones":[],"objects":[],"characters":[52366],"vehicles":[],"interiors":[],"accounts":[132654],"content":"Spawned","factions":[]}
{"action":39,"origin":"ch52366","date":"2022-05-13T02:43:21","phones":[],"objects":[892261],"characters":[],"vehicles":[],"interiors":[],"accounts":[],"content":"~World #892261 @ (2480.6040039062, -1272.6096191406, 33.350673675537) in (int 0, dim 0) ->Otari_Kalashov - Note - ممنوع الركنه يا خول","factions":[]}
{"action":40,"origin":"ch52366","date":"2022-05-13T02:43:21","phones":[],"objects":[],"characters":[52366],"vehicles":[],"interiors":[],"accounts":[],"content":"Otari Kalashov bends over and picks up a Note.","factions":[]}
{"action":40,"origin":"ch52366","date":"2022-05-13T02:43:25","phones":[],"objects":[],"characters":[52366],"vehicles":[],"interiors":[],"accounts":[],"content":"Otari Kalashov destroyed a Note.","factions":[]}
{"action":40,"origin":"ch52437","date":"2022-05-13T02:44:49","phones":[],"objects":[],"characters":[52437,52482],"vehicles":[],"interiors":[],"accounts":[],"content":"Ivan Zlatkov's right leg was hit.","factions":[]}
{"action":4,"origin":"ch52437","date":"2022-05-13T02:44:54","phones":[],"objects":[],"characters":[52437],"vehicles":[],"interiors":[],"accounts":[],"content":"AHEAL 100","factions":[]}
{"action":8,"origin":"ch52437","date":"2022-05-13T02:45:09","phones":[],"objects":[],"characters":[52386,52437],"vehicles":[],"interiors":[],"accounts":[],"content":">","factions":[]}
{"action":31,"origin":"ch52366","date":"2022-05-13T02:45:58","phones":[],"objects":[],"characters":[],"vehicles":[],"interiors":[2293],"accounts":[],"content":"UNLOCK INTERIOR","factions":[]}
{"action":31,"origin":"ch52366","date":"2022-05-13T02:45:58","phones":[],"objects":[],"characters":[52366],"vehicles":[],"interiors":[2293],"accounts":[],"content":"ENTERED","factions":[]}
{"action":31,"origin":"ch52366","date":"2022-05-13T02:45:59","phones":[],"objects":[],"characters":[],"vehicles":[],"interiors":[2293],"accounts":[],"content":"LOCK INTERIOR","factions":[]}
{"action":37,"origin":"ch52437","date":"2022-05-13T02:46:05","phones":[],"objects":[],"characters":[52437,52366],"vehicles":[],"interiors":[2293],"accounts":[],"content":"ANTIFALL","factions":[]}
{"action":31,"origin":"ch52366","date":"2022-05-13T02:46:08","phones":[],"objects":[],"characters":[],"vehicles":[],"interiors":[2293],"accounts":[],"content":"UNLOCK INTERIOR","factions":[]}
{"action":31,"origin":"ch52366","date":"2022-05-13T02:46:08","phones":[],"objects":[],"characters":[52366],"vehicles":[],"interiors":[2293],"accounts":[],"content":"EXITED","factions":[]}
{"action":31,"origin":"ch52366","date":"2022-05-13T02:46:10","phones":[],"objects":[],"characters":[],"vehicles":[],"interiors":[2293],"accounts":[],"content":"LOCK INTERIOR","factions":[]}
{"action":31,"origin":"ch52437","date":"2022-05-13T02:46:12","phones":[],"objects":[],"characters":[],"vehicles":[],"interiors":[2293],"accounts":[],"content":"UNLOCK INTERIOR","factions":[]}
{"action":31,"origin":"ch52437","date":"2022-05-13T02:46:12","phones":[],"objects":[],"characters":[52437],"vehicles":[],"interiors":[2293],"accounts":[],"content":"EXITED","factions":[]}
{"action":31,"origin":"ch52437","date":"2022-05-13T02:46:14","phones":[],"objects":[],"characters":[],"vehicles":[],"interiors":[2293],"accounts":[],"content":"LOCK INTERIOR","factions":[]}
{"action":31,"origin":"ch52437","date":"2022-05-13T02:46:55","phones":[],"objects":[],"characters":[52437],"vehicles":[],"interiors":[1617],"accounts":[],"content":"ENTERED","factions":[]}
{"action":31,"origin":"ch52437","date":"2022-05-13T02:47:12","phones":[],"objects":[],"characters":[52437],"vehicles":[],"interiors":[1863],"accounts":[],"content":"ENTERED","factions":[]}
{"action":31,"origin":"ch52437","date":"2022-05-13T02:47:29","phones":[],"objects":[],"characters":[52437],"vehicles":[],"interiors":[1863],"accounts":[],"content":"EXITED","factions":[]}
{"action":31,"origin":"ch52366","date":"2022-05-13T02:49:01","phones":[],"objects":[],"characters":[52366],"vehicles":[],"interiors":[1617],"accounts":[],"content":"EXITED","factions":[]}
{"action":31,"origin":"ch52437","date":"2022-05-13T02:49:05","phones":[],"objects":[],"characters":[52437],"vehicles":[],"interiors":[1617],"accounts":[],"content":"EXITED","factions":[]}
{"action":4,"origin":"ch52482","date":"2022-05-13T02:49:09","phones":[],"objects":[],"characters":[52482],"vehicles":[],"interiors":[],"accounts":[],"content":"FREECAM","factions":[]}
{"action":39,"origin":"ch52366","date":"2022-05-13T02:49:42","phones":[],"objects":[],"characters":[52366],"vehicles":[],"interiors":[],"accounts":[],"content":"Otari_Kalashov -> ~World #892263 - Note - رد يا خول @ (2498.3916, -1291.6846, 33.041733) in (int 0, dim 0)","factions":[]}
{"action":40,"origin":"ch52366","date":"2022-05-13T02:49:42","phones":[],"objects":[],"characters":[52366],"vehicles":[],"interiors":[],"accounts":[],"content":"Otari Kalashov dropped a Note.","factions":[]}
{"action":31,"origin":"ch52482","date":"2022-05-13T02:49:47","phones":[],"objects":[],"characters":[52482],"vehicles":[],"interiors":[1158],"accounts":[],"content":"ENTERED","factions":[]}
{"action":18,"origin":"ch52366","date":"2022-05-13T02:49:59","phones":[],"objects":[],"characters":[52386,52437,52482,52366],"vehicles":[],"interiors":[],"accounts":[],"content":"رسترت بسيط.","factions":[]}
{"action":27,"origin":"ac132805","date":"2022-05-13T02:53:43","phones":[],"objects":[],"characters":[],"vehicles":[],"interiors":[],"accounts":[132805],"content":"Connected from 151.254.213.194 - F08ACE60D9DA952F7B2022D155A8C944","factions":[]}
{"action":27,"origin":"ac132654","date":"2022-05-13T02:53:45","phones":[],"objects":[],"characters":[],"vehicles":[],"interiors":[],"accounts":[132654],"content":"Connected from 8.41.6.82 - 3AFD74DD92368729F621402DDD296FB2","factions":[]}
{"action":27,"origin":"ac132654","date":"2022-05-13T02:53:56","phones":[],"objects":[],"characters":[52366],"vehicles":[],"interiors":[],"accounts":[132654],"content":"Spawned","factions":[]}
{"action":27,"origin":"ac132662","date":"2022-05-13T02:53:57","phones":[],"objects":[],"characters":[],"vehicles":[],"interiors":[],"accounts":[132662],"content":"Connected from 156.223.36.116 - 7431683CDB1EABBFA50C63F9AC5A1FA4","factions":[]}
{"action":27,"origin":"ac132662","date":"2022-05-13T02:54:06","phones":[],"objects":[],"characters":[52437],"vehicles":[],"interiors":[],"accounts":[132662],"content":"Spawned","factions":[]}
{"action":39,"origin":"ch52366","date":"2022-05-13T02:54:13","phones":[],"objects":[892263],"characters":[],"vehicles":[],"interiors":[],"accounts":[],"content":"~World #892263 @ (2498.3898925781, -1291.6800537109, 33.051696777344) in (int 0, dim 0) ->Otari_Kalashov - Note - Ø±Ø¯ ÙŠØ§ Ø®ÙˆÙ„","factions":[]}
{"action":40,"origin":"ch52366","date":"2022-05-13T02:54:13","phones":[],"objects":[],"characters":[52366],"vehicles":[],"interiors":[],"accounts":[],"content":"Otari Kalashov bends over and picks up a Note.","factions":[]}
{"action":40,"origin":"ch52366","date":"2022-05-13T02:54:16","phones":[],"objects":[],"characters":[52366],"vehicles":[],"interiors":[],"accounts":[],"content":"Otari Kalashov destroyed a Note.","factions":[]}
{"action":40,"origin":"ch52437","date":"2022-05-13T02:54:21","phones":[],"objects":[],"characters":[52437],"vehicles":[],"interiors":[],"accounts":[],"content":"Ivan Zlatkov puts the key in the door to unlock it.","factions":[]}
{"action":31,"origin":"ch52437","date":"2022-05-13T02:54:21","phones":[],"objects":[],"characters":[],"vehicles":[],"interiors":[1676],"accounts":[],"content":"UNLOCK INTERIOR","factions":[]}
{"action":31,"origin":"ch52437","date":"2022-05-13T02:54:21","phones":[],"objects":[],"characters":[52437],"vehicles":[],"interiors":[1676],"accounts":[],"content":"EXITED","factions":[]}
{"action":40,"origin":"ch52437","date":"2022-05-13T02:54:25","phones":[],"objects":[],"characters":[52437],"vehicles":[],"interiors":[],"accounts":[],"content":"Ivan Zlatkov puts the key in the door to lock it.","factions":[]}
{"action":31,"origin":"ch52437","date":"2022-05-13T02:54:25","phones":[],"objects":[],"characters":[],"vehicles":[],"interiors":[1676],"accounts":[],"content":"LOCK INTERIOR","factions":[]}
