{"action":27,"origin":"ac132662","date":"2022-05-12T13:01:58","phones":[],"objects":[],"characters":[],"vehicles":[],"interiors":[],"accounts":[132662],"content":"Connected from 8.41.6.35 - 7431683CDB1EABBFA50C63F9AC5A1FA4","factions":[]}
{"action":27,"origin":"ac132662","date":"2022-05-12T13:02:23","phones":[],"objects":[],"characters":[52460],"vehicles":[],"interiors":[],"accounts":[132662],"content":"Spawned","factions":[]}
{"action":31,"origin":"ch52460","date":"2022-05-12T13:03:15","phones":[],"objects":[],"characters":[52460],"vehicles":[],"interiors":[540],"accounts":[],"content":"EXITED","factions":[]}
{"action":4,"origin":"ch52460","date":"2022-05-12T13:05:01","phones":[],"objects":[],"characters":[52460],"vehicles":[],"interiors":[],"accounts":[],"content":"loginto account Faker","factions":[]}
{"action":27,"origin":"ac132690","date":"2022-05-12T13:05:08","phones":[],"objects":[],"characters":[],"vehicles":[],"interiors":[],"accounts":[132690],"content":"Connected from 197.63.49.198 - 011D94230EDA441EC969C13EC3F498E3","factions":[]}
{"action":4,"origin":"ch52383","date":"2022-05-12T13:05:10","phones":[],"objects":[],"characters":[52383],"vehicles":[],"interiors":[],"accounts":[],"content":"loginto account Revelator","factions":[]}
{"action":27,"origin":"ac132690","date":"2022-05-12T13:05:17","phones":[],"objects":[],"characters":[52397],"vehicles":[],"interiors":[],"accounts":[132690],"content":"Spawned","factions":[]}
{"action":31,"origin":"ch52460","date":"2022-05-12T13:06:01","phones":[],"objects":[],"characters":[],"vehicles":[],"interiors":[407],"accounts":[],"content":"UNLOCK INTERIOR","factions":[]}
{"action":31,"origin":"ch52460","date":"2022-05-12T13:06:01","phones":[],"objects":[],"characters":[52460],"vehicles":[],"interiors":[407],"accounts":[],"content":"EXITED","factions":[]}
{"action":31,"origin":"ch52460","date":"2022-05-12T13:06:03","phones":[],"objects":[],"characters":[],"vehicles":[],"interiors":[407],"accounts":[],"content":"LOCK INTERIOR","factions":[]}
{"action":31,"origin":"ch52460","date":"2022-05-12T13:06:05","phones":[],"objects":[],"characters":[],"vehicles":[],"interiors":[407],"accounts":[],"content":"UNLOCK INTERIOR","factions":[]}
{"action":31,"origin":"ch52460","date":"2022-05-12T13:07:28","phones":[],"objects":[],"characters":[52460],"vehicles":[],"interiors":[2299],"accounts":[],"content":"ENTERED","factions":[]}
{"action":31,"origin":"ch52460","date":"2022-05-12T13:07:31","phones":[],"objects":[],"characters":[52460],"vehicles":[],"interiors":[2299],"accounts":[],"content":"EXITED","factions":[]}
{"action":31,"origin":"ch52460","date":"2022-05-12T13:07:33","phones":[],"objects":[],"characters":[52460],"vehicles":[],"interiors":[2310],"accounts":[],"content":"ENTERED","factions":[]}
{"action":31,"origin":"ch52460","date":"2022-05-12T13:07:35","phones":[],"objects":[],"characters":[52460],"vehicles":[],"interiors":[2310],"accounts":[],"content":"EXITED","factions":[]}
{"action":31,"origin":"ch52460","date":"2022-05-12T13:07:38","phones":[],"objects":[],"characters":[52460],"vehicles":[],"interiors":[2313],"accounts":[],"content":"ENTERED","factions":[]}
{"action":31,"origin":"ch52460","date":"2022-05-12T13:07:40","phones":[],"objects":[],"characters":[52460],"vehicles":[],"interiors":[2313],"accounts":[],"content":"EXITED","factions":[]}
{"action":31,"origin":"ch52460","date":"2022-05-12T13:07:54","phones":[],"objects":[],"characters":[52460],"vehicles":[],"interiors":[488],"accounts":[],"content":"ENTERED","factions":[]}
{"action":31,"origin":"ch52460","date":"2022-05-12T13:07:57","phones":[],"objects":[],"characters":[52460],"vehicles":[],"interiors":[488],"accounts":[],"content":"EXITED","factions":[]}
{"action":31,"origin":"ch52460","date":"2022-05-12T13:07:59","phones":[],"objects":[],"characters":[52460],"vehicles":[],"interiors":[488],"accounts":[],"content":"ENTERED","factions":[]}
{"action":31,"origin":"ch52460","date":"2022-05-12T13:08:05","phones":[],"objects":[],"characters":[52460],"vehicles":[],"interiors":[488],"accounts":[],"content":"EXITED","factions":[]}
{"action":27,"origin":"ac132662","date":"2022-05-12T13:09:38","phones":[],"objects":[],"characters":[0],"vehicles":[],"interiors":[],"accounts":[132662],"content":"Went to character selection","factions":[]}
{"action":27,"origin":"ac132662","date":"2022-05-12T13:09:48","phones":[],"objects":[],"characters":[52437],"vehicles":[],"interiors":[],"accounts":[132662],"content":"Spawned","factions":[]}
{"action":31,"origin":"ch52397","date":"2022-05-12T13:10:15","phones":[],"objects":[],"characters":[52397],"vehicles":[],"interiors":[1572],"accounts":[],"content":"EXITED","factions":[]}
{"action":40,"origin":"ch52397","date":"2022-05-12T13:10:17","phones":[],"objects":[],"characters":[52397],"vehicles":[],"interiors":[],"accounts":[],"content":"Dandeny Acosta presses on the key to unlock the vehicle. ((2014 Jeep Grand Cherokee SRT-8))","factions":[]}
{"action":31,"origin":"ch52397","date":"2022-05-12T13:10:17","phones":[],"objects":[],"characters":[],"vehicles":[1095],"interiors":[],"accounts":[],"content":"UNLOCK FROM OUTSIDE","factions":[]}
{"action":31,"origin":"ch52397","date":"2022-05-12T13:10:24","phones":[],"objects":[],"characters":[52397],"vehicles":[1095],"interiors":[],"accounts":[],"content":"STARTED ENGINE","factions":[]}
{"action":40,"origin":"ch52397","date":"2022-05-12T13:10:25","phones":[],"objects":[],"characters":[52397],"vehicles":[],"interiors":[],"accounts":[],"content":"Dandeny Acosta buckles in their seatbelt.","factions":[]}
{"action":40,"origin":"ch52397","date":"2022-05-12T13:11:54","phones":[],"objects":[],"characters":[52397],"vehicles":[],"interiors":[],"accounts":[],"content":"Dandeny Acosta unbuckles their seatbelt.","factions":[]}
{"action":40,"origin":"ch52397","date":"2022-05-12T13:11:55","phones":[],"objects":[],"characters":[52397],"vehicles":[],"interiors":[],"accounts":[],"content":"Dandeny Acosta presses on the key to lock the vehicle. ((2014 Jeep Grand Cherokee SRT-8))","factions":[]}
{"action":31,"origin":"ch52397","date":"2022-05-12T13:11:55","phones":[],"objects":[],"characters":[],"vehicles":[1095],"interiors":[],"accounts":[],"content":"LOCK FROM OUTSIDE","factions":[]}
{"action":40,"origin":"ch52397","date":"2022-05-12T13:11:57","phones":[],"objects":[],"characters":[52397],"vehicles":[],"interiors":[],"accounts":[],"content":"Dandeny Acosta puts the key in the door to unlock it.","factions":[]}
{"action":31,"origin":"ch52397","date":"2022-05-12T13:11:57","phones":[],"objects":[],"characters":[],"vehicles":[],"interiors":[1793],"accounts":[],"content":"UNLOCK INTERIOR","factions":[]}
{"action":31,"origin":"ch52397","date":"2022-05-12T13:11:57","phones":[],"objects":[],"characters":[52397],"vehicles":[],"interiors":[1793],"accounts":[],"content":"ENTERED","factions":[]}
{"action":40,"origin":"ch52397","date":"2022-05-12T13:11:58","phones":[],"objects":[],"characters":[52397],"vehicles":[],"interiors":[],"accounts":[],"content":"Dandeny Acosta puts the key in the door to lock it.","factions":[]}
{"action":31,"origin":"ch52397","date":"2022-05-12T13:11:58","phones":[],"objects":[],"characters":[],"vehicles":[],"interiors":[1793],"accounts":[],"content":"LOCK INTERIOR","factions":[]}
{"action":27,"origin":"ac132662","date":"2022-05-12T13:12:34","phones":[],"objects":[],"characters":[52437],"vehicles":[],"interiors":[],"accounts":[132662],"content":"Disconnected (Quit) (Name: Ivan_Zlatkov)","factions":[]}
{"action":40,"origin":"ch52397","date":"2022-05-12T13:13:00","phones":[],"objects":[],"characters":[52397],"vehicles":[],"interiors":[],"accounts":[],"content":"Dandeny Acosta puts the key in the door to unlock it.","factions":[]}
{"action":31,"origin":"ch52397","date":"2022-05-12T13:13:00","phones":[],"objects":[],"characters":[],"vehicles":[],"interiors":[1793],"accounts":[],"content":"UNLOCK INTERIOR","factions":[]}
{"action":31,"origin":"ch52397","date":"2022-05-12T13:13:01","phones":[],"objects":[],"characters":[52397],"vehicles":[],"interiors":[1793],"accounts":[],"content":"EXITED","factions":[]}
{"action":40,"origin":"ch52397","date":"2022-05-12T13:13:01","phones":[],"objects":[],"characters":[52397],"vehicles":[],"interiors":[],"accounts":[],"content":"Dandeny Acosta puts the key in the door to lock it.","factions":[]}
{"action":31,"origin":"ch52397","date":"2022-05-12T13:13:01","phones":[],"objects":[],"characters":[],"vehicles":[],"interiors":[1793],"accounts":[],"content":"LOCK INTERIOR","factions":[]}
{"action":40,"origin":"ch52397","date":"2022-05-12T13:13:12","phones":[],"objects":[],"characters":[52397],"vehicles":[],"interiors":[],"accounts":[],"content":"Dandeny Acosta presses on the key to unlock the vehicle. ((2014 Jeep Grand Cherokee SRT-8))","factions":[]}
{"action":31,"origin":"ch52397","date":"2022-05-12T13:13:12","phones":[],"objects":[],"characters":[],"vehicles":[1095],"interiors":[],"accounts":[],"content":"UNLOCK FROM OUTSIDE","factions":[]}
{"action":31,"origin":"ch52397","date":"2022-05-12T13:13:20","phones":[],"objects":[],"characters":[52397],"vehicles":[1095],"interiors":[],"accounts":[],"content":"STARTED ENGINE","factions":[]}
{"action":40,"origin":"ch52397","date":"2022-05-12T13:13:23","phones":[],"objects":[],"characters":[52397],"vehicles":[],"interiors":[],"accounts":[],"content":"Dandeny Acosta buckles in their seatbelt.","factions":[]}
{"action":40,"origin":"ch52397","date":"2022-05-12T13:14:56","phones":[],"objects":[],"characters":[52397],"vehicles":[],"interiors":[],"accounts":[],"content":"Dandeny Acosta drinks a sprunk.","factions":[]}
{"action":40,"origin":"ch52397","date":"2022-05-12T13:14:56","phones":[],"objects":[],"characters":[52397],"vehicles":[],"interiors":[],"accounts":[],"content":"Dandeny Acosta drinks a sprunk.","factions":[]}
{"action":40,"origin":"ch52397","date":"2022-05-12T13:15:11","phones":[],"objects":[],"characters":[52397],"vehicles":[],"interiors":[],"accounts":[],"content":"Dandeny Acosta rolls their windows down.","factions":[]}
{"action":31,"origin":"ch52397","date":"2022-05-12T13:15:14","phones":[],"objects":[],"characters":[52397],"vehicles":[1095],"interiors":[],"accounts":[],"content":"STARTED ENGINE","factions":[]}
{"action":40,"origin":"ch52397","date":"2022-05-12T13:15:15","phones":[],"objects":[],"characters":[52397],"vehicles":[],"interiors":[],"accounts":[],"content":"Dandeny Acosta rolls their windows up.","factions":[]}
{"action":6,"origin":"ch52397","date":"2022-05-12T13:15:25","phones":[],"objects":[],"characters":[],"vehicles":[1095],"interiors":[],"accounts":[],"content":"REPAIR PAYNSPRAY","factions":[]}
{"action":40,"origin":"ch52397","date":"2022-05-12T13:15:46","phones":[],"objects":[],"characters":[52397],"vehicles":[],"interiors":[],"accounts":[],"content":"Dandeny Acosta unbuckles their seatbelt.","factions":[]}
{"action":31,"origin":"ch52397","date":"2022-05-12T13:16:09","phones":[],"objects":[],"characters":[52397],"vehicles":[1095],"interiors":[],"accounts":[],"content":"STARTED ENGINE","factions":[]}
{"action":40,"origin":"ch52397","date":"2022-05-12T13:16:10","phones":[],"objects":[],"characters":[52397],"vehicles":[],"interiors":[],"accounts":[],"content":"Dandeny Acosta buckles in their seatbelt.","factions":[]}
{"action":40,"origin":"ch52397","date":"2022-05-12T13:16:19","phones":[],"objects":[],"characters":[52397],"vehicles":[],"interiors":[],"accounts":[],"content":"Dandeny Acosta rolls their windows down.","factions":[]}
{"action":40,"origin":"ch52397","date":"2022-05-12T13:16:31","phones":[],"objects":[],"characters":[52397],"vehicles":[],"interiors":[],"accounts":[],"content":"Dandeny Acosta rolls their windows up.","factions":[]}
{"action":40,"origin":"ch52397","date":"2022-05-12T13:16:34","phones":[],"objects":[],"characters":[52397],"vehicles":[],"interiors":[],"accounts":[],"content":"Dandeny Acosta unbuckles their seatbelt.","factions":[]}
{"action":40,"origin":"ch52397","date":"2022-05-12T13:16:41","phones":[],"objects":[],"characters":[52397],"vehicles":[],"interiors":[],"accounts":[],"content":"Dandeny Acosta presses on the key to lock the vehicle. ((2014 Jeep Grand Cherokee SRT-8))","factions":[]}
{"action":31,"origin":"ch52397","date":"2022-05-12T13:16:41","phones":[],"objects":[],"characters":[],"vehicles":[1095],"interiors":[],"accounts":[],"content":"LOCK FROM OUTSIDE","factions":[]}
{"action":40,"origin":"ch52397","date":"2022-05-12T13:16:41","phones":[],"objects":[],"characters":[52397],"vehicles":[],"interiors":[],"accounts":[],"content":"Dandeny Acosta presses on the key to unlock the vehicle. ((2014 Jeep Grand Cherokee SRT-8))","factions":[]}
{"action":31,"origin":"ch52397","date":"2022-05-12T13:16:41","phones":[],"objects":[],"characters":[],"vehicles":[1095],"interiors":[],"accounts":[],"content":"UNLOCK FROM OUTSIDE","factions":[]}
{"action":31,"origin":"ch52397","date":"2022-05-12T13:16:45","phones":[],"objects":[],"characters":[52397],"vehicles":[1095],"interiors":[],"accounts":[],"content":"STARTED ENGINE","factions":[]}
{"action":40,"origin":"ch52397","date":"2022-05-12T13:16:46","phones":[],"objects":[],"characters":[52397],"vehicles":[],"interiors":[],"accounts":[],"content":"Dandeny Acosta buckles in their seatbelt.","factions":[]}
{"action":40,"origin":"ch52397","date":"2022-05-12T13:16:58","phones":[],"objects":[],"characters":[52397],"vehicles":[],"interiors":[],"accounts":[],"content":"Dandeny Acosta unbuckles their seatbelt.","factions":[]}
{"action":31,"origin":"ch52397","date":"2022-05-12T13:17:01","phones":[],"objects":[],"characters":[52397],"vehicles":[],"interiors":[2306],"accounts":[],"content":"ENTERED","factions":[]}
{"action":31,"origin":"ch52397","date":"2022-05-12T13:17:13","phones":[],"objects":[],"characters":[52397],"vehicles":[],"interiors":[2326],"accounts":[],"content":"ENTERED","factions":[]}
{"action":31,"origin":"ch52397","date":"2022-05-12T13:17:16","phones":[],"objects":[],"characters":[52397],"vehicles":[],"interiors":[2326],"accounts":[],"content":"EXITED","factions":[]}
{"action":31,"origin":"ch52397","date":"2022-05-12T13:17:18","phones":[],"objects":[],"characters":[52397],"vehicles":[],"interiors":[2326],"accounts":[],"content":"ENTERED","factions":[]}
{"action":31,"origin":"ch52397","date":"2022-05-12T13:17:23","phones":[],"objects":[],"characters":[52397],"vehicles":[],"interiors":[2326],"accounts":[],"content":"EXITED","factions":[]}
{"action":31,"origin":"ch52397","date":"2022-05-12T13:17:52","phones":[],"objects":[],"characters":[52397],"vehicles":[],"interiors":[2306],"accounts":[],"content":"ENTERED","factions":[]}
{"action":40,"origin":"ch52397","date":"2022-05-12T13:17:57","phones":[],"objects":[],"characters":[52397],"vehicles":[],"interiors":[],"accounts":[],"content":"Dandeny Acosta presses on the key to lock the vehicle. ((2014 Jeep Grand Cherokee SRT-8))","factions":[]}
{"action":31,"origin":"ch52397","date":"2022-05-12T13:17:57","phones":[],"objects":[],"characters":[],"vehicles":[1095],"interiors":[],"accounts":[],"content":"LOCK FROM OUTSIDE","factions":[]}
{"action":40,"origin":"ch52397","date":"2022-05-12T13:17:57","phones":[],"objects":[],"characters":[52397],"vehicles":[],"interiors":[],"accounts":[],"content":"Dandeny Acosta presses on the key to unlock the vehicle. ((2014 Jeep Grand Cherokee SRT-8))","factions":[]}
{"action":31,"origin":"ch52397","date":"2022-05-12T13:17:57","phones":[],"objects":[],"characters":[],"vehicles":[1095],"interiors":[],"accounts":[],"content":"UNLOCK FROM OUTSIDE","factions":[]}
{"action":40,"origin":"ch52397","date":"2022-05-12T13:18:04","phones":[],"objects":[],"characters":[52397],"vehicles":[],"interiors":[],"accounts":[],"content":"Dandeny Acosta buckles in their seatbelt.","factions":[]}
{"action":31,"origin":"ch52397","date":"2022-05-12T13:18:04","phones":[],"objects":[],"characters":[52397],"vehicles":[1095],"interiors":[],"accounts":[],"content":"STARTED ENGINE","factions":[]}
{"action":27,"origin":"ac132654","date":"2022-05-12T13:20:14","phones":[],"objects":[],"characters":[],"vehicles":[],"interiors":[],"accounts":[132654],"content":"Connected from 156.215.234.24 - 3AFD74DD92368729F621402DDD296FB2","factions":[]}
{"action":27,"origin":"ac132654","date":"2022-05-12T13:20:26","phones":[],"objects":[],"characters":[52366],"vehicles":[],"interiors":[],"accounts":[132654],"content":"Spawned","factions":[]}
{"action":31,"origin":"ch52366","date":"2022-05-12T13:20:34","phones":[],"objects":[],"characters":[],"vehicles":[],"interiors":[547],"accounts":[],"content":"UNLOCK INTERIOR","factions":[]}
{"action":31,"origin":"ch52366","date":"2022-05-12T13:20:34","phones":[],"objects":[],"characters":[52366],"vehicles":[],"interiors":[547],"accounts":[],"content":"EXITED","factions":[]}
{"action":31,"origin":"ch52366","date":"2022-05-12T13:20:37","phones":[],"objects":[],"characters":[],"vehicles":[],"interiors":[547],"accounts":[],"content":"LOCK INTERIOR","factions":[]}
{"action":39,"origin":"ch52366","date":"2022-05-12T13:21:08","phones":[],"objects":[891083],"characters":[],"vehicles":[],"interiors":[],"accounts":[],"content":"~World #891083 @ (2425.7900390625, -1237.1300048828, 23.507299423218) in (int 0, dim 0) ->Otari_Kalashov - Note - *Ø²Ø¬Ø§Ø¬ Ù…Ø¨Ø¹Ø«Ø± ÙÙŠ Ø§Ù„Ø£Ø±Ø¶ÙŠØ© .","factions":[]}
{"action":40,"origin":"ch52366","date":"2022-05-12T13:21:08","phones":[],"objects":[],"characters":[52366],"vehicles":[],"interiors":[],"accounts":[],"content":"Otari Kalashov bends over and picks up a Note.","factions":[]}
{"action":31,"origin":"ch52397","date":"2022-05-12T13:21:16","phones":[],"objects":[],"characters":[52397],"vehicles":[1095],"interiors":[],"accounts":[],"content":"STARTED ENGINE","factions":[]}
{"action":4,"origin":"ch52366","date":"2022-05-12T13:21:21","phones":[],"objects":[],"characters":[52366],"vehicles":[],"interiors":[],"accounts":[],"content":"SLAP","factions":[]}
{"action":4,"origin":"ch52366","date":"2022-05-12T13:21:30","phones":[],"objects":[],"characters":[52366],"vehicles":[],"interiors":[],"accounts":[],"content":"UNFREEZE","factions":[]}
{"action":40,"origin":"ch52397","date":"2022-05-12T13:23:14","phones":[],"objects":[],"characters":[52397],"vehicles":[],"interiors":[],"accounts":[],"content":"Dandeny Acosta unbuckles their seatbelt.","factions":[]}
{"action":31,"origin":"ch52397","date":"2022-05-12T13:23:53","phones":[],"objects":[],"characters":[52397],"vehicles":[1095],"interiors":[],"accounts":[],"content":"STARTED ENGINE","factions":[]}
{"action":40,"origin":"ch52397","date":"2022-05-12T13:23:54","phones":[],"objects":[],"characters":[52397],"vehicles":[],"interiors":[],"accounts":[],"content":"Dandeny Acosta buckles in their seatbelt.","factions":[]}
{"action":40,"origin":"ch52397","date":"2022-05-12T13:25:09","phones":[],"objects":[],"characters":[52397],"vehicles":[],"interiors":[],"accounts":[],"content":"Dandeny Acosta unbuckles their seatbelt.","factions":[]}
{"action":31,"origin":"ch52397","date":"2022-05-12T13:25:14","phones":[],"objects":[],"characters":[52397],"vehicles":[],"interiors":[2653],"accounts":[],"content":"ENTERED","factions":[]}
{"action":31,"origin":"ch52397","date":"2022-05-12T13:25:17","phones":[],"objects":[],"characters":[52397],"vehicles":[],"interiors":[2653],"accounts":[],"content":"EXITED","factions":[]}
{"action":40,"origin":"ch52397","date":"2022-05-12T13:25:22","phones":[],"objects":[],"characters":[52397],"vehicles":[],"interiors":[],"accounts":[],"content":"Dandeny Acosta presses on the key to lock the vehicle. ((2014 Jeep Grand Cherokee SRT-8))","factions":[]}
{"action":31,"origin":"ch52397","date":"2022-05-12T13:25:22","phones":[],"objects":[],"characters":[],"vehicles":[1095],"interiors":[],"accounts":[],"content":"LOCK FROM OUTSIDE","factions":[]}
{"action":40,"origin":"ch52397","date":"2022-05-12T13:25:23","phones":[],"objects":[],"characters":[52397],"vehicles":[],"interiors":[],"accounts":[],"content":"Dandeny Acosta presses on the key to unlock the vehicle. ((2014 Jeep Grand Cherokee SRT-8))","factions":[]}
{"action":31,"origin":"ch52397","date":"2022-05-12T13:25:23","phones":[],"objects":[],"characters":[],"vehicles":[1095],"interiors":[],"accounts":[],"content":"UNLOCK FROM OUTSIDE","factions":[]}
{"action":31,"origin":"ch52397","date":"2022-05-12T13:25:27","phones":[],"objects":[],"characters":[52397],"vehicles":[1095],"interiors":[],"accounts":[],"content":"STARTED ENGINE","factions":[]}
{"action":40,"origin":"ch52397","date":"2022-05-12T13:25:30","phones":[],"objects":[],"characters":[52397],"vehicles":[],"interiors":[],"accounts":[],"content":"Dandeny Acosta buckles in their seatbelt.","factions":[]}
{"action":40,"origin":"ch52397","date":"2022-05-12T13:27:49","phones":[],"objects":[],"characters":[52397],"vehicles":[],"interiors":[],"accounts":[],"content":"Dandeny Acosta unbuckles their seatbelt.","factions":[]}
{"action":31,"origin":"ch52397","date":"2022-05-12T13:27:54","phones":[],"objects":[],"characters":[52397],"vehicles":[],"interiors":[2298],"accounts":[],"content":"ENTERED","factions":[]}
{"action":31,"origin":"ch52397","date":"2022-05-12T13:28:14","phones":[],"objects":[],"characters":[52397],"vehicles":[],"interiors":[2298],"accounts":[],"content":"EXITED","factions":[]}
{"action":40,"origin":"ch52397","date":"2022-05-12T13:28:20","phones":[],"objects":[],"characters":[52397],"vehicles":[],"interiors":[],"accounts":[],"content":"Dandeny Acosta presses on the key to lock the vehicle. ((2014 Jeep Grand Cherokee SRT-8))","factions":[]}
{"action":31,"origin":"ch52397","date":"2022-05-12T13:28:20","phones":[],"objects":[],"characters":[],"vehicles":[1095],"interiors":[],"accounts":[],"content":"LOCK FROM OUTSIDE","factions":[]}
{"action":40,"origin":"ch52397","date":"2022-05-12T13:28:20","phones":[],"objects":[],"characters":[52397],"vehicles":[],"interiors":[],"accounts":[],"content":"Dandeny Acosta presses on the key to unlock the vehicle. ((2014 Jeep Grand Cherokee SRT-8))","factions":[]}
{"action":31,"origin":"ch52397","date":"2022-05-12T13:28:20","phones":[],"objects":[],"characters":[],"vehicles":[1095],"interiors":[],"accounts":[],"content":"UNLOCK FROM OUTSIDE","factions":[]}
{"action":31,"origin":"ch52397","date":"2022-05-12T13:28:24","phones":[],"objects":[],"characters":[52397],"vehicles":[1095],"interiors":[],"accounts":[],"content":"STARTED ENGINE","factions":[]}
{"action":40,"origin":"ch52397","date":"2022-05-12T13:28:26","phones":[],"objects":[],"characters":[52397],"vehicles":[],"interiors":[],"accounts":[],"content":"Dandeny Acosta buckles in their seatbelt.","factions":[]}
{"action":27,"origin":"ac132654","date":"2022-05-12T13:29:37","phones":[],"objects":[],"characters":[52366],"vehicles":[],"interiors":[],"accounts":[132654],"content":"Disconnected (Quit) (Name: Otari_Kalashov)","factions":[]}
{"action":40,"origin":"ch52397","date":"2022-05-12T13:29:54","phones":[],"objects":[],"characters":[52397],"vehicles":[],"interiors":[],"accounts":[],"content":"Dandeny Acosta unbuckles their seatbelt.","factions":[]}
{"action":31,"origin":"ch52397","date":"2022-05-12T13:29:56","phones":[],"objects":[],"characters":[52397],"vehicles":[],"interiors":[189],"accounts":[],"content":"ENTERED","factions":[]}
{"action":31,"origin":"ch52397","date":"2022-05-12T13:30:22","phones":[],"objects":[],"characters":[52397],"vehicles":[],"interiors":[189],"accounts":[],"content":"EXITED","factions":[]}
{"action":40,"origin":"ch52397","date":"2022-05-12T13:30:24","phones":[],"objects":[],"characters":[52397],"vehicles":[],"interiors":[],"accounts":[],"content":"Dandeny Acosta presses on the key to lock the vehicle. ((2014 Jeep Grand Cherokee SRT-8))","factions":[]}
{"action":31,"origin":"ch52397","date":"2022-05-12T13:30:24","phones":[],"objects":[],"characters":[],"vehicles":[1095],"interiors":[],"accounts":[],"content":"LOCK FROM OUTSIDE","factions":[]}
{"action":40,"origin":"ch52397","date":"2022-05-12T13:30:25","phones":[],"objects":[],"characters":[52397],"vehicles":[],"interiors":[],"accounts":[],"content":"Dandeny Acosta presses on the key to unlock the vehicle. ((2014 Jeep Grand Cherokee SRT-8))","factions":[]}
{"action":31,"origin":"ch52397","date":"2022-05-12T13:30:25","phones":[],"objects":[],"characters":[],"vehicles":[1095],"interiors":[],"accounts":[],"content":"UNLOCK FROM OUTSIDE","factions":[]}
{"action":31,"origin":"ch52397","date":"2022-05-12T13:30:28","phones":[],"objects":[],"characters":[52397],"vehicles":[1095],"interiors":[],"accounts":[],"content":"STARTED ENGINE","factions":[]}
{"action":40,"origin":"ch52397","date":"2022-05-12T13:30:30","phones":[],"objects":[],"characters":[52397],"vehicles":[],"interiors":[],"accounts":[],"content":"Dandeny Acosta buckles in their seatbelt.","factions":[]}
{"action":27,"origin":"ac132683","date":"2022-05-12T13:30:46","phones":[],"objects":[],"characters":[],"vehicles":[],"interiors":[],"accounts":[132683],"content":"Connected from 154.177.214.117 - 7D8EA3D93DD5281E917C36D357FF7CA3","factions":[]}
{"action":27,"origin":"ac132803","date":"2022-05-12T13:30:50","phones":[],"objects":[],"characters":[],"vehicles":[],"interiors":[],"accounts":[132803],"content":"Connected from 46.19.85.86 - DC523DEB92C0264FDBA576FA9C41FAF2","factions":[]}
{"action":27,"origin":"ac132683","date":"2022-05-12T13:31:05","phones":[],"objects":[],"characters":[52393],"vehicles":[],"interiors":[],"accounts":[132683],"content":"Spawned","factions":[]}
{"action":40,"origin":"ch52397","date":"2022-05-12T13:32:37","phones":[],"objects":[],"characters":[52397],"vehicles":[],"interiors":[],"accounts":[],"content":"Dandeny Acosta unbuckles their seatbelt.","factions":[]}
{"action":31,"origin":"ch52397","date":"2022-05-12T13:32:40","phones":[],"objects":[],"characters":[52397],"vehicles":[],"interiors":[1643],"accounts":[],"content":"ENTERED","factions":[]}
{"action":31,"origin":"ch52397","date":"2022-05-12T13:32:43","phones":[],"objects":[],"characters":[52397],"vehicles":[],"interiors":[1643],"accounts":[],"content":"EXITED","factions":[]}
{"action":40,"origin":"ch52397","date":"2022-05-12T13:33:46","phones":[],"objects":[],"characters":[52397],"vehicles":[],"interiors":[],"accounts":[],"content":"Dandeny Acosta presses on the key to lock the vehicle. ((2014 Jeep Grand Cherokee SRT-8))","factions":[]}
{"action":31,"origin":"ch52397","date":"2022-05-12T13:33:46","phones":[],"objects":[],"characters":[],"vehicles":[1095],"interiors":[],"accounts":[],"content":"LOCK FROM OUTSIDE","factions":[]}
{"action":40,"origin":"ch52397","date":"2022-05-12T13:33:48","phones":[],"objects":[],"characters":[52397],"vehicles":[],"interiors":[],"accounts":[],"content":"Dandeny Acosta presses on the key to unlock the vehicle. ((2014 Jeep Grand Cherokee SRT-8))","factions":[]}
{"action":31,"origin":"ch52397","date":"2022-05-12T13:33:48","phones":[],"objects":[],"characters":[],"vehicles":[1095],"interiors":[],"accounts":[],"content":"UNLOCK FROM OUTSIDE","factions":[]}
{"action":31,"origin":"ch52397","date":"2022-05-12T13:34:23","phones":[],"objects":[],"characters":[52397],"vehicles":[1095],"interiors":[],"accounts":[],"content":"STARTED ENGINE","factions":[]}
{"action":31,"origin":"ch52397","date":"2022-05-12T13:34:51","phones":[],"objects":[],"characters":[52397],"vehicles":[1095],"interiors":[],"accounts":[],"content":"STARTED ENGINE","factions":[]}
{"action":40,"origin":"ch52397","date":"2022-05-12T13:34:52","phones":[],"objects":[],"characters":[52397],"vehicles":[],"interiors":[],"accounts":[],"content":"Dandeny Acosta buckles in their seatbelt.","factions":[]}
{"action":40,"origin":"ch52397","date":"2022-05-12T13:35:12","phones":[],"objects":[],"characters":[52397],"vehicles":[],"interiors":[],"accounts":[],"content":"Dandeny Acosta unbuckles their seatbelt.","factions":[]}
{"action":40,"origin":"ch52397","date":"2022-05-12T13:35:17","phones":[],"objects":[],"characters":[52397],"vehicles":[],"interiors":[],"accounts":[],"content":"Dandeny Acosta puts the key in the door to unlock it.","factions":[]}
{"action":31,"origin":"ch52397","date":"2022-05-12T13:35:17","phones":[],"objects":[],"characters":[],"vehicles":[],"interiors":[1744],"accounts":[],"content":"UNLOCK INTERIOR","factions":[]}
{"action":31,"origin":"ch52397","date":"2022-05-12T13:35:18","phones":[],"objects":[],"characters":[52397],"vehicles":[],"interiors":[1744],"accounts":[],"content":"ENTERED","factions":[]}
{"action":40,"origin":"ch52397","date":"2022-05-12T13:35:19","phones":[],"objects":[],"characters":[52397],"vehicles":[],"interiors":[],"accounts":[],"content":"Dandeny Acosta puts the key in the door to lock it.","factions":[]}
{"action":31,"origin":"ch52397","date":"2022-05-12T13:35:19","phones":[],"objects":[],"characters":[],"vehicles":[],"interiors":[1744],"accounts":[],"content":"LOCK INTERIOR","factions":[]}
{"action":15,"origin":"ch52397","date":"2022-05-12T13:35:25","phones":[],"objects":[],"characters":[52397,52393],"vehicles":[],"interiors":[],"accounts":[],"content":"داخل السيرفر تعمل ايه","factions":[]}
{"action":15,"origin":"ch52393","date":"2022-05-12T13:35:43","phones":[],"objects":[],"characters":[52393,52397],"vehicles":[],"interiors":[],"accounts":[],"content":"--__-- ","factions":[]}
{"action":15,"origin":"ch52397","date":"2022-05-12T13:35:58","phones":[],"objects":[],"characters":[52397,52393],"vehicles":[],"interiors":[],"accounts":[],"content":"؟ ","factions":[]}
{"action":15,"origin":"ch52393","date":"2022-05-12T13:36:12","phones":[],"objects":[],"characters":[52393,52397],"vehicles":[],"interiors":[],"accounts":[],"content":"ده سؤال يتسأل؟","factions":[]}
{"action":15,"origin":"ch52397","date":"2022-05-12T13:36:22","phones":[],"objects":[],"characters":[52397,52393],"vehicles":[],"interiors":[],"accounts":[],"content":"السيرفر مفيهوش غير تلاته","factions":[]}
{"action":15,"origin":"ch52397","date":"2022-05-12T13:36:25","phones":[],"objects":[],"characters":[52397,52393],"vehicles":[],"interiors":[],"accounts":[],"content":"بسألك عادي ايه الي مزعلك","factions":[]}
{"action":15,"origin":"ch52393","date":"2022-05-12T13:36:36","phones":[],"objects":[],"characters":[52393,52397],"vehicles":[],"interiors":[],"accounts":[],"content":"مش زعلان","factions":[]}
{"action":15,"origin":"ch52393","date":"2022-05-12T13:36:39","phones":[],"objects":[],"characters":[52393,52397],"vehicles":[],"interiors":[],"accounts":[],"content":"بس سؤال غريب","factions":[]}
{"action":15,"origin":"ch52393","date":"2022-05-12T13:36:42","phones":[],"objects":[],"characters":[52393,52397],"vehicles":[],"interiors":[],"accounts":[],"content":"داخل العب اكيد","factions":[]}
{"action":40,"origin":"ch52397","date":"2022-05-12T13:37:58","phones":[],"objects":[],"characters":[52397],"vehicles":[],"interiors":[],"accounts":[],"content":"Dandeny Acosta puts the key in the door to unlock it.","factions":[]}
{"action":31,"origin":"ch52397","date":"2022-05-12T13:37:58","phones":[],"objects":[],"characters":[],"vehicles":[],"interiors":[1744],"accounts":[],"content":"UNLOCK INTERIOR","factions":[]}
{"action":40,"origin":"ch52397","date":"2022-05-12T13:38:25","phones":[],"objects":[],"characters":[52397],"vehicles":[],"interiors":[],"accounts":[],"content":"Dandeny Acosta puts the key in the door to lock it.","factions":[]}
{"action":31,"origin":"ch52397","date":"2022-05-12T13:38:25","phones":[],"objects":[],"characters":[],"vehicles":[],"interiors":[1744],"accounts":[],"content":"LOCK INTERIOR","factions":[]}
{"action":40,"origin":"ch52397","date":"2022-05-12T13:38:26","phones":[],"objects":[],"characters":[52397],"vehicles":[],"interiors":[],"accounts":[],"content":"Dandeny Acosta puts the key in the door to unlock it.","factions":[]}
{"action":31,"origin":"ch52397","date":"2022-05-12T13:38:26","phones":[],"objects":[],"characters":[],"vehicles":[],"interiors":[1744],"accounts":[],"content":"UNLOCK INTERIOR","factions":[]}
{"action":31,"origin":"ch52397","date":"2022-05-12T13:38:26","phones":[],"objects":[],"characters":[52397],"vehicles":[],"interiors":[1744],"accounts":[],"content":"EXITED","factions":[]}
{"action":40,"origin":"ch52397","date":"2022-05-12T13:38:27","phones":[],"objects":[],"characters":[52397],"vehicles":[],"interiors":[],"accounts":[],"content":"Dandeny Acosta puts the key in the door to lock it.","factions":[]}
{"action":31,"origin":"ch52397","date":"2022-05-12T13:38:27","phones":[],"objects":[],"characters":[],"vehicles":[],"interiors":[1744],"accounts":[],"content":"LOCK INTERIOR","factions":[]}
{"action":40,"origin":"ch52397","date":"2022-05-12T13:38:31","phones":[],"objects":[],"characters":[52397],"vehicles":[],"interiors":[],"accounts":[],"content":"Dandeny Acosta presses on the key to lock the vehicle. ((2014 Jeep Grand Cherokee SRT-8))","factions":[]}
{"action":31,"origin":"ch52397","date":"2022-05-12T13:38:31","phones":[],"objects":[],"characters":[],"vehicles":[1095],"interiors":[],"accounts":[],"content":"LOCK FROM OUTSIDE","factions":[]}
{"action":40,"origin":"ch52397","date":"2022-05-12T13:38:31","phones":[],"objects":[],"characters":[52397],"vehicles":[],"interiors":[],"accounts":[],"content":"Dandeny Acosta presses on the key to unlock the vehicle. ((2014 Jeep Grand Cherokee SRT-8))","factions":[]}
{"action":31,"origin":"ch52397","date":"2022-05-12T13:38:31","phones":[],"objects":[],"characters":[],"vehicles":[1095],"interiors":[],"accounts":[],"content":"UNLOCK FROM OUTSIDE","factions":[]}
{"action":31,"origin":"ch52397","date":"2022-05-12T13:38:35","phones":[],"objects":[],"characters":[52397],"vehicles":[1095],"interiors":[],"accounts":[],"content":"STARTED ENGINE","factions":[]}
{"action":40,"origin":"ch52397","date":"2022-05-12T13:38:36","phones":[],"objects":[],"characters":[52397],"vehicles":[],"interiors":[],"accounts":[],"content":"Dandeny Acosta buckles in their seatbelt.","factions":[]}
{"action":27,"origin":"ac132803","date":"2022-05-12T13:41:50","phones":[],"objects":[],"characters":[0],"vehicles":[],"interiors":[],"accounts":[132803],"content":"Disconnected (Quit) (Name: Player.Loading.4545)","factions":[]}
{"action":6,"origin":"ch52397","date":"2022-05-12T13:44:22","phones":[],"objects":[],"characters":[],"vehicles":[1095],"interiors":[],"accounts":[],"content":"REPAIR PAYNSPRAY","factions":[]}
{"action":40,"origin":"ch52397","date":"2022-05-12T13:44:56","phones":[],"objects":[],"characters":[52397],"vehicles":[],"interiors":[],"accounts":[],"content":"Dandeny Acosta unbuckles their seatbelt.","factions":[]}
{"action":31,"origin":"ch52397","date":"2022-05-12T13:45:13","phones":[],"objects":[],"characters":[52397],"vehicles":[1095],"interiors":[],"accounts":[],"content":"STARTED ENGINE","factions":[]}
{"action":40,"origin":"ch52397","date":"2022-05-12T13:45:15","phones":[],"objects":[],"characters":[52397],"vehicles":[],"interiors":[],"accounts":[],"content":"Dandeny Acosta buckles in their seatbelt.","factions":[]}
{"action":40,"origin":"ch52397","date":"2022-05-12T13:46:28","phones":[],"objects":[],"characters":[52397],"vehicles":[],"interiors":[],"accounts":[],"content":"Dandeny Acosta locks the vehicle doors.","factions":[]}
{"action":31,"origin":"ch52397","date":"2022-05-12T13:46:28","phones":[],"objects":[],"characters":[],"vehicles":[1095],"interiors":[],"accounts":[],"content":"LOCK FROM INSIDE","factions":[]}
{"action":40,"origin":"ch52397","date":"2022-05-12T13:46:29","phones":[],"objects":[],"characters":[52397],"vehicles":[],"interiors":[],"accounts":[],"content":"Dandeny Acosta unlocks the vehicle doors.","factions":[]}
{"action":31,"origin":"ch52397","date":"2022-05-12T13:46:29","phones":[],"objects":[],"characters":[],"vehicles":[1095],"interiors":[],"accounts":[],"content":"UNLOCK FROM INSIDE","factions":[]}
{"action":40,"origin":"ch52397","date":"2022-05-12T13:46:30","phones":[],"objects":[],"characters":[52397],"vehicles":[],"interiors":[],"accounts":[],"content":"Dandeny Acosta locks the vehicle doors.","factions":[]}
{"action":31,"origin":"ch52397","date":"2022-05-12T13:46:30","phones":[],"objects":[],"characters":[],"vehicles":[1095],"interiors":[],"accounts":[],"content":"LOCK FROM INSIDE","factions":[]}
{"action":31,"origin":"ch52397","date":"2022-05-12T13:47:49","phones":[],"objects":[],"characters":[52397],"vehicles":[1095],"interiors":[],"accounts":[],"content":"STARTED ENGINE","factions":[]}
{"action":40,"origin":"ch52397","date":"2022-05-12T13:47:58","phones":[],"objects":[],"characters":[52397],"vehicles":[],"interiors":[],"accounts":[],"content":"Dandeny Acosta unlocks the vehicle doors.","factions":[]}
{"action":31,"origin":"ch52397","date":"2022-05-12T13:47:58","phones":[],"objects":[],"characters":[],"vehicles":[1095],"interiors":[],"accounts":[],"content":"UNLOCK FROM INSIDE","factions":[]}
{"action":40,"origin":"ch52397","date":"2022-05-12T13:48:00","phones":[],"objects":[],"characters":[52397],"vehicles":[],"interiors":[],"accounts":[],"content":"Dandeny Acosta unbuckles their seatbelt.","factions":[]}
{"action":31,"origin":"ch52397","date":"2022-05-12T13:48:03","phones":[],"objects":[],"characters":[52397],"vehicles":[],"interiors":[1924],"accounts":[],"content":"ENTERED","factions":[]}
{"action":31,"origin":"ch52397","date":"2022-05-12T13:48:07","phones":[],"objects":[],"characters":[52397],"vehicles":[],"interiors":[1924],"accounts":[],"content":"EXITED","factions":[]}
{"action":40,"origin":"ch52397","date":"2022-05-12T13:48:13","phones":[],"objects":[],"characters":[52397],"vehicles":[],"interiors":[],"accounts":[],"content":"Dandeny Acosta buckles in their seatbelt.","factions":[]}
{"action":31,"origin":"ch52397","date":"2022-05-12T13:48:14","phones":[],"objects":[],"characters":[52397],"vehicles":[1095],"interiors":[],"accounts":[],"content":"STARTED ENGINE","factions":[]}
{"action":40,"origin":"ch52397","date":"2022-05-12T13:48:17","phones":[],"objects":[],"characters":[52397],"vehicles":[],"interiors":[],"accounts":[],"content":"Dandeny Acosta unbuckles their seatbelt.","factions":[]}
{"action":31,"origin":"ch52397","date":"2022-05-12T13:48:24","phones":[],"objects":[],"characters":[52397],"vehicles":[1095],"interiors":[],"accounts":[],"content":"STARTED ENGINE","factions":[]}
{"action":40,"origin":"ch52397","date":"2022-05-12T13:48:25","phones":[],"objects":[],"characters":[52397],"vehicles":[],"interiors":[],"accounts":[],"content":"Dandeny Acosta buckles in their seatbelt.","factions":[]}
{"action":40,"origin":"ch52397","date":"2022-05-12T13:51:08","phones":[],"objects":[],"characters":[52397],"vehicles":[],"interiors":[],"accounts":[],"content":"Dandeny Acosta unbuckles their seatbelt.","factions":[]}
{"action":31,"origin":"ch52397","date":"2022-05-12T13:51:12","phones":[],"objects":[],"characters":[52397],"vehicles":[],"interiors":[1964],"accounts":[],"content":"ENTERED","factions":[]}
{"action":31,"origin":"ch52397","date":"2022-05-12T13:51:16","phones":[],"objects":[],"characters":[52397],"vehicles":[],"interiors":[1964],"accounts":[],"content":"EXITED","factions":[]}
{"action":40,"origin":"ch52397","date":"2022-05-12T13:51:38","phones":[],"objects":[],"characters":[52397],"vehicles":[],"interiors":[],"accounts":[],"content":"Dandeny Acosta presses on the key to lock the vehicle. ((2014 Jeep Grand Cherokee SRT-8))","factions":[]}
{"action":31,"origin":"ch52397","date":"2022-05-12T13:51:38","phones":[],"objects":[],"characters":[],"vehicles":[1095],"interiors":[],"accounts":[],"content":"LOCK FROM OUTSIDE","factions":[]}
{"action":40,"origin":"ch52397","date":"2022-05-12T13:51:38","phones":[],"objects":[],"characters":[52397],"vehicles":[],"interiors":[],"accounts":[],"content":"Dandeny Acosta presses on the key to unlock the vehicle. ((2014 Jeep Grand Cherokee SRT-8))","factions":[]}
{"action":31,"origin":"ch52397","date":"2022-05-12T13:51:38","phones":[],"objects":[],"characters":[],"vehicles":[1095],"interiors":[],"accounts":[],"content":"UNLOCK FROM OUTSIDE","factions":[]}
{"action":31,"origin":"ch52397","date":"2022-05-12T13:51:43","phones":[],"objects":[],"characters":[52397],"vehicles":[1095],"interiors":[],"accounts":[],"content":"STARTED ENGINE","factions":[]}
{"action":40,"origin":"ch52397","date":"2022-05-12T13:51:44","phones":[],"objects":[],"characters":[52397],"vehicles":[],"interiors":[],"accounts":[],"content":"Dandeny Acosta buckles in their seatbelt.","factions":[]}
{"action":40,"origin":"ch52397","date":"2022-05-12T13:51:54","phones":[],"objects":[],"characters":[52397],"vehicles":[],"interiors":[],"accounts":[],"content":"Dandeny Acosta unbuckles their seatbelt.","factions":[]}
{"action":31,"origin":"ch52397","date":"2022-05-12T13:52:03","phones":[],"objects":[],"characters":[52397],"vehicles":[1095],"interiors":[],"accounts":[],"content":"STARTED ENGINE","factions":[]}
{"action":40,"origin":"ch52397","date":"2022-05-12T13:52:04","phones":[],"objects":[],"characters":[52397],"vehicles":[],"interiors":[],"accounts":[],"content":"Dandeny Acosta buckles in their seatbelt.","factions":[]}
{"action":40,"origin":"ch52397","date":"2022-05-12T13:52:40","phones":[],"objects":[],"characters":[52397],"vehicles":[],"interiors":[],"accounts":[],"content":"Dandeny Acosta unbuckles their seatbelt.","factions":[]}
{"action":31,"origin":"ch52397","date":"2022-05-12T13:52:45","phones":[],"objects":[],"characters":[52397],"vehicles":[],"interiors":[2306],"accounts":[],"content":"ENTERED","factions":[]}
{"action":31,"origin":"ch52397","date":"2022-05-12T13:53:11","phones":[],"objects":[],"characters":[52397],"vehicles":[],"interiors":[2306],"accounts":[],"content":"EXITED","factions":[]}
{"action":40,"origin":"ch52397","date":"2022-05-12T13:53:16","phones":[],"objects":[],"characters":[52397],"vehicles":[],"interiors":[],"accounts":[],"content":"Dandeny Acosta presses on the key to lock the vehicle. ((2014 Jeep Grand Cherokee SRT-8))","factions":[]}
{"action":31,"origin":"ch52397","date":"2022-05-12T13:53:16","phones":[],"objects":[],"characters":[],"vehicles":[1095],"interiors":[],"accounts":[],"content":"LOCK FROM OUTSIDE","factions":[]}
{"action":40,"origin":"ch52397","date":"2022-05-12T13:53:17","phones":[],"objects":[],"characters":[52397],"vehicles":[],"interiors":[],"accounts":[],"content":"Dandeny Acosta presses on the key to unlock the vehicle. ((2014 Jeep Grand Cherokee SRT-8))","factions":[]}
{"action":31,"origin":"ch52397","date":"2022-05-12T13:53:17","phones":[],"objects":[],"characters":[],"vehicles":[1095],"interiors":[],"accounts":[],"content":"UNLOCK FROM OUTSIDE","factions":[]}
{"action":31,"origin":"ch52397","date":"2022-05-12T13:53:21","phones":[],"objects":[],"characters":[52397],"vehicles":[1095],"interiors":[],"accounts":[],"content":"STARTED ENGINE","factions":[]}
{"action":40,"origin":"ch52397","date":"2022-05-12T13:53:24","phones":[],"objects":[],"characters":[52397],"vehicles":[],"interiors":[],"accounts":[],"content":"Dandeny Acosta buckles in their seatbelt.","factions":[]}
{"action":40,"origin":"ch52397","date":"2022-05-12T13:54:41","phones":[],"objects":[],"characters":[52397],"vehicles":[],"interiors":[],"accounts":[],"content":"Dandeny Acosta unbuckles their seatbelt.","factions":[]}
{"action":31,"origin":"ch52397","date":"2022-05-12T13:54:43","phones":[],"objects":[],"characters":[52397],"vehicles":[],"interiors":[1024],"accounts":[],"content":"ENTERED","factions":[]}
{"action":31,"origin":"ch52397","date":"2022-05-12T13:55:07","phones":[],"objects":[],"characters":[52397],"vehicles":[],"interiors":[1024],"accounts":[],"content":"EXITED","factions":[]}
{"action":31,"origin":"ch52397","date":"2022-05-12T13:55:13","phones":[],"objects":[],"characters":[52397],"vehicles":[1095],"interiors":[],"accounts":[],"content":"STARTED ENGINE","factions":[]}
{"action":40,"origin":"ch52397","date":"2022-05-12T13:55:16","phones":[],"objects":[],"characters":[52397],"vehicles":[],"interiors":[],"accounts":[],"content":"Dandeny Acosta buckles in their seatbelt.","factions":[]}
{"action":40,"origin":"ch52397","date":"2022-05-12T13:55:41","phones":[],"objects":[],"characters":[52397],"vehicles":[],"interiors":[],"accounts":[],"content":"Dandeny Acosta unbuckles their seatbelt.","factions":[]}
{"action":40,"origin":"ch52397","date":"2022-05-12T13:55:41","phones":[],"objects":[],"characters":[52397],"vehicles":[],"interiors":[],"accounts":[],"content":"Dandeny Acosta presses on the key to lock the vehicle. ((2014 Jeep Grand Cherokee SRT-8))","factions":[]}
{"action":31,"origin":"ch52397","date":"2022-05-12T13:55:41","phones":[],"objects":[],"characters":[],"vehicles":[1095],"interiors":[],"accounts":[],"content":"LOCK FROM OUTSIDE","factions":[]}
{"action":31,"origin":"ch52397","date":"2022-05-12T13:55:44","phones":[],"objects":[],"characters":[52397],"vehicles":[],"interiors":[1572],"accounts":[],"content":"ENTERED","factions":[]}
{"action":27,"origin":"ac132683","date":"2022-05-12T14:04:40","phones":[],"objects":[],"characters":[52393],"vehicles":[],"interiors":[],"accounts":[132683],"content":"Disconnected (Quit) (Name: Vondell_Warren)","factions":[]}
{"action":27,"origin":"ac132690","date":"2022-05-12T14:04:59","phones":[],"objects":[],"characters":[52397],"vehicles":[],"interiors":[],"accounts":[132690],"content":"Disconnected (Timed out) (Name: Dandeny_Acosta)","factions":[]}
{"action":27,"origin":"ac132697","date":"2022-05-12T14:09:16","phones":[],"objects":[],"characters":[],"vehicles":[],"interiors":[],"accounts":[132697],"content":"Connected from 197.203.219.56 - D40B94A6B5626257009E7A85CBAC30A1","factions":[]}
{"action":27,"origin":"ac132697","date":"2022-05-12T14:09:26","phones":[],"objects":[],"characters":[52419],"vehicles":[],"interiors":[],"accounts":[132697],"content":"Spawned","factions":[]}
{"action":31,"origin":"ch52419","date":"2022-05-12T14:12:36","phones":[],"objects":[],"characters":[52419],"vehicles":[1193],"interiors":[],"accounts":[],"content":"STARTED ENGINE","factions":[]}
{"action":40,"origin":"ch52419","date":"2022-05-12T14:12:38","phones":[],"objects":[],"characters":[52419],"vehicles":[],"interiors":[],"accounts":[],"content":"Marcus Lam puts their helmet on.","factions":[]}
{"action":31,"origin":"ch52419","date":"2022-05-12T14:13:25","phones":[],"objects":[],"characters":[52419],"vehicles":[1193],"interiors":[1761],"accounts":[],"content":"ENTERED\/EXITED","factions":[]}
{"action":40,"origin":"ch52419","date":"2022-05-12T14:13:34","phones":[],"objects":[],"characters":[52419],"vehicles":[],"interiors":[],"accounts":[],"content":"Marcus Lam removes their helmet.","factions":[]}
{"action":40,"origin":"ch52419","date":"2022-05-12T14:13:51","phones":[],"objects":[],"characters":[52419],"vehicles":[],"interiors":[],"accounts":[],"content":"Marcus Lam buckles in their seatbelt.","factions":[]}
{"action":40,"origin":"ch52419","date":"2022-05-12T14:13:58","phones":[],"objects":[],"characters":[52419],"vehicles":[],"interiors":[],"accounts":[],"content":"Marcus Lam removes their helmet.","factions":[]}
{"action":31,"origin":"ch52419","date":"2022-05-12T14:14:08","phones":[],"objects":[],"characters":[52419],"vehicles":[1193],"interiors":[1761],"accounts":[],"content":"ENTERED\/EXITED","factions":[]}
{"action":40,"origin":"ch52419","date":"2022-05-12T14:14:11","phones":[],"objects":[],"characters":[52419],"vehicles":[],"interiors":[],"accounts":[],"content":"Marcus Lam puts their helmet on.","factions":[]}
{"action":40,"origin":"ch52419","date":"2022-05-12T14:14:15","phones":[],"objects":[],"characters":[52419],"vehicles":[],"interiors":[],"accounts":[],"content":"Marcus Lam removes their helmet.","factions":[]}
{"action":40,"origin":"ch52419","date":"2022-05-12T14:14:16","phones":[],"objects":[],"characters":[52419],"vehicles":[],"interiors":[],"accounts":[],"content":"Marcus Lam's right leg was hit.","factions":[]}
{"action":27,"origin":"ac132697","date":"2022-05-12T14:19:39","phones":[],"objects":[],"characters":[52419],"vehicles":[],"interiors":[],"accounts":[132697],"content":"Disconnected (Quit) (Name: Marcus_Lam)","factions":[]}
{"action":27,"origin":"ac132755","date":"2022-05-12T14:30:50","phones":[],"objects":[],"characters":[],"vehicles":[],"interiors":[],"accounts":[132755],"content":"Connected from 102.189.250.153 - A62E99B5EE84E810A29298B860D365B2","factions":[]}
{"action":27,"origin":"ac132755","date":"2022-05-12T14:30:57","phones":[],"objects":[],"characters":[52472],"vehicles":[],"interiors":[],"accounts":[132755],"content":"Spawned","factions":[]}
{"action":27,"origin":"ac132755","date":"2022-05-12T14:31:06","phones":[],"objects":[],"characters":[52472],"vehicles":[],"interiors":[],"accounts":[132755],"content":"Disconnected (Quit) (Name: Abdulkader_Rahim)","factions":[]}
{"action":27,"origin":"ac132660","date":"2022-05-12T15:24:51","phones":[],"objects":[],"characters":[],"vehicles":[],"interiors":[],"accounts":[132660],"content":"Connected from 46.60.115.19 - 50BD1D79F26C6DCDB3E9E8CD99C7A7A3","factions":[]}
{"action":27,"origin":"ac132660","date":"2022-05-12T15:25:00","phones":[],"objects":[],"characters":[52429],"vehicles":[],"interiors":[],"accounts":[132660],"content":"Spawned","factions":[]}
{"action":26,"origin":"ch52429","date":"2022-05-12T15:25:16","phones":[],"objects":[],"characters":[52429],"vehicles":[],"interiors":[],"accounts":[],"content":"Purchase logs: FREE GAMECOINS AWARD! (LEAD ADMIN MARR) - Cost: 700 GCs","factions":[]}
{"action":4,"origin":"ch52429","date":"2022-05-12T15:25:16","phones":[],"objects":[],"characters":[52429],"vehicles":[],"interiors":[],"accounts":[],"content":"givegc GCs: 700 Reason: e","factions":[]}
{"action":27,"origin":"ac132683","date":"2022-05-12T15:26:05","phones":[],"objects":[],"characters":[],"vehicles":[],"interiors":[],"accounts":[132683],"content":"Connected from 154.177.214.117 - 7D8EA3D93DD5281E917C36D357FF7CA3","factions":[]}
{"action":27,"origin":"ac132683","date":"2022-05-12T15:26:16","phones":[],"objects":[],"characters":[52393],"vehicles":[],"interiors":[],"accounts":[132683],"content":"Spawned","factions":[]}
{"action":15,"origin":"ch52393","date":"2022-05-12T15:26:28","phones":[],"objects":[],"characters":[52393,52429],"vehicles":[],"interiors":[],"accounts":[],"content":"-","factions":[]}
{"action":4,"origin":"ch52429","date":"2022-05-12T15:26:38","phones":[],"objects":[],"characters":[52393],"vehicles":[],"interiors":[],"accounts":[],"content":"GIVESUPERMAN","factions":[]}
{"action":8,"origin":"ch52429","date":"2022-05-12T15:26:53","phones":[],"objects":[],"characters":[52429,52393],"vehicles":[],"interiors":[],"accounts":[],"content":"ذا المكان","factions":[]}
{"action":31,"origin":"ch52393","date":"2022-05-12T15:26:54","phones":[],"objects":[],"characters":[52393],"vehicles":[],"interiors":[2330],"accounts":[],"content":"ENTERED","factions":[]}
{"action":31,"origin":"ch52429","date":"2022-05-12T15:26:55","phones":[],"objects":[],"characters":[52429],"vehicles":[],"interiors":[2330],"accounts":[],"content":"ENTERED","factions":[]}
{"action":8,"origin":"ch52393","date":"2022-05-12T15:27:01","phones":[],"objects":[],"characters":[52429,52393],"vehicles":[],"interiors":[],"accounts":[],"content":"افتح مود","factions":[]}
{"action":8,"origin":"ch52429","date":"2022-05-12T15:27:03","phones":[],"objects":[],"characters":[52429,52393],"vehicles":[],"interiors":[],"accounts":[],"content":"تعال","factions":[]}
{"action":8,"origin":"ch52429","date":"2022-05-12T15:27:27","phones":[],"objects":[],"characters":[52429,52393],"vehicles":[],"interiors":[],"accounts":[],"content":"يلا","factions":[]}
{"action":8,"origin":"ch52393","date":"2022-05-12T15:28:06","phones":[],"objects":[],"characters":[52429,52393],"vehicles":[],"interiors":[],"accounts":[],"content":"حلوة","factions":[]}
{"action":8,"origin":"ch52429","date":"2022-05-12T15:28:08","phones":[],"objects":[],"characters":[52429,52393],"vehicles":[],"interiors":[],"accounts":[],"content":"في","factions":[]}
{"action":8,"origin":"ch52429","date":"2022-05-12T15:28:09","phones":[],"objects":[],"characters":[52429,52393],"vehicles":[],"interiors":[],"accounts":[],"content":"مابات ثانية","factions":[]}
{"action":8,"origin":"ch52429","date":"2022-05-12T15:28:13","phones":[],"objects":[],"characters":[52429,52393],"vehicles":[],"interiors":[],"accounts":[],"content":"لانه كل ارينا له خاص","factions":[]}
{"action":8,"origin":"ch52393","date":"2022-05-12T15:28:15","phones":[],"objects":[],"characters":[52429,52393],"vehicles":[],"interiors":[],"accounts":[],"content":"تمام","factions":[]}
{"action":8,"origin":"ch52393","date":"2022-05-12T15:28:18","phones":[],"objects":[],"characters":[52429,52393],"vehicles":[],"interiors":[],"accounts":[],"content":"خش تاني","factions":[]}
{"action":8,"origin":"ch52393","date":"2022-05-12T15:28:22","phones":[],"objects":[],"characters":[52429,52393],"vehicles":[],"interiors":[],"accounts":[],"content":"عشان ناخذ صورة","factions":[]}
{"action":4,"origin":"ch52429","date":"2022-05-12T15:28:24","phones":[],"objects":[],"characters":[52393],"vehicles":[],"interiors":[],"accounts":[],"content":"GIVEMONEY 500","factions":[]}
{"action":4,"origin":"ch52429","date":"2022-05-12T15:28:44","phones":[],"objects":[],"characters":[52429],"vehicles":[],"interiors":[],"accounts":[],"content":"GIVEMONEY 800","factions":[]}
{"action":4,"origin":"ch52429","date":"2022-05-12T15:28:53","phones":[],"objects":[],"characters":[52429],"vehicles":[],"interiors":[],"accounts":[],"content":"FREECAM","factions":[]}
{"action":15,"origin":"ch52429","date":"2022-05-12T15:28:59","phones":[],"objects":[],"characters":[52429,52393],"vehicles":[],"interiors":[],"accounts":[],"content":"سوي \/freecam تقدر","factions":[]}
{"action":8,"origin":"ch52393","date":"2022-05-12T15:28:59","phones":[],"objects":[],"characters":[52393],"vehicles":[],"interiors":[],"accounts":[],"content":"-","factions":[]}
{"action":15,"origin":"ch52393","date":"2022-05-12T15:29:07","phones":[],"objects":[],"characters":[52393,52429],"vehicles":[],"interiors":[],"accounts":[],"content":"انتقلي ","factions":[]}
{"action":8,"origin":"ch52393","date":"2022-05-12T15:29:18","phones":[],"objects":[],"characters":[52429,52393],"vehicles":[],"interiors":[],"accounts":[],"content":"ابيك","factions":[]}
{"action":8,"origin":"ch52393","date":"2022-05-12T15:29:20","phones":[],"objects":[],"characters":[52429,52393],"vehicles":[],"interiors":[],"accounts":[],"content":"تصوب","factions":[]}
{"action":8,"origin":"ch52393","date":"2022-05-12T15:29:22","phones":[],"objects":[],"characters":[52429,52393],"vehicles":[],"interiors":[],"accounts":[],"content":"وتجلس تطلق","factions":[]}
{"action":8,"origin":"ch52393","date":"2022-05-12T15:29:26","phones":[],"objects":[],"characters":[52429,52393],"vehicles":[],"interiors":[],"accounts":[],"content":"صبر","factions":[]}
{"action":4,"origin":"ch52393","date":"2022-05-12T15:29:33","phones":[],"objects":[],"characters":[52393],"vehicles":[],"interiors":[],"accounts":[],"content":"FREECAM","factions":[]}
{"action":8,"origin":"ch52429","date":"2022-05-12T15:29:35","phones":[],"objects":[],"characters":[52429,52393],"vehicles":[],"interiors":[],"accounts":[],"content":"عندي مكان","factions":[]}
{"action":8,"origin":"ch52429","date":"2022-05-12T15:29:36","phones":[],"objects":[],"characters":[52429,52393],"vehicles":[],"interiors":[],"accounts":[],"content":"احلى","factions":[]}
{"action":8,"origin":"ch52429","date":"2022-05-12T15:29:37","phones":[],"objects":[],"characters":[52429,52393],"vehicles":[],"interiors":[],"accounts":[],"content":"دقيقة","factions":[]}
{"action":8,"origin":"ch52429","date":"2022-05-12T15:29:40","phones":[],"objects":[],"characters":[52429,52393],"vehicles":[],"interiors":[],"accounts":[],"content":"تعال اقتلك","factions":[]}
{"action":8,"origin":"ch52393","date":"2022-05-12T15:30:26","phones":[],"objects":[],"characters":[52429,52393],"vehicles":[],"interiors":[],"accounts":[],"content":"تمام","factions":[]}
{"action":8,"origin":"ch52393","date":"2022-05-12T15:30:27","phones":[],"objects":[],"characters":[52429,52393],"vehicles":[],"interiors":[],"accounts":[],"content":"خلص","factions":[]}
{"action":8,"origin":"ch52393","date":"2022-05-12T15:30:29","phones":[],"objects":[],"characters":[52429,52393],"vehicles":[],"interiors":[],"accounts":[],"content":"صورة بخاصك","factions":[]}
{"action":8,"origin":"ch52429","date":"2022-05-12T15:30:33","phones":[],"objects":[],"characters":[52429,52393],"vehicles":[],"interiors":[],"accounts":[],"content":"ju","factions":[]}
{"action":8,"origin":"ch52393","date":"2022-05-12T15:30:37","phones":[],"objects":[],"characters":[52429,52393],"vehicles":[],"interiors":[],"accounts":[],"content":"بصراحه ابي العب","factions":[]}
{"action":8,"origin":"ch52393","date":"2022-05-12T15:30:39","phones":[],"objects":[],"characters":[52429,52393],"vehicles":[],"interiors":[],"accounts":[],"content":"هههههههههههههههههههههههههههههه","factions":[]}
{"action":8,"origin":"ch52429","date":"2022-05-12T15:30:40","phones":[],"objects":[],"characters":[52429,52393],"vehicles":[],"interiors":[],"accounts":[],"content":"تعال","factions":[]}
{"action":8,"origin":"ch52429","date":"2022-05-12T15:30:42","phones":[],"objects":[],"characters":[52429,52393],"vehicles":[],"interiors":[],"accounts":[],"content":"بوريك","factions":[]}
{"action":8,"origin":"ch52429","date":"2022-05-12T15:30:45","phones":[],"objects":[],"characters":[52429,52393],"vehicles":[],"interiors":[],"accounts":[],"content":"غير","factions":[]}
{"action":8,"origin":"ch52429","date":"2022-05-12T15:30:46","phones":[],"objects":[],"characters":[52429,52393],"vehicles":[],"interiors":[],"accounts":[],"content":"ذي","factions":[]}
{"action":8,"origin":"ch52429","date":"2022-05-12T15:30:48","phones":[],"objects":[],"characters":[52429,52393],"vehicles":[],"interiors":[],"accounts":[],"content":"تعال","factions":[]}
{"action":8,"origin":"ch52429","date":"2022-05-12T15:30:48","phones":[],"objects":[],"characters":[52429,52393],"vehicles":[],"interiors":[],"accounts":[],"content":"هنا","factions":[]}
{"action":8,"origin":"ch52393","date":"2022-05-12T15:31:00","phones":[],"objects":[],"characters":[52429,52393],"vehicles":[],"interiors":[],"accounts":[],"content":"بعرق","factions":[]}
{"action":15,"origin":"ch52429","date":"2022-05-12T15:31:10","phones":[],"objects":[],"characters":[52429,52393],"vehicles":[],"interiors":[],"accounts":[],"content":"مش لو اخذت صورة هنا احسن؟","factions":[]}
{"action":15,"origin":"ch52429","date":"2022-05-12T15:31:16","phones":[],"objects":[],"characters":[52429,52393],"vehicles":[],"interiors":[],"accounts":[],"content":"صورة ","factions":[]}
{"action":15,"origin":"ch52429","date":"2022-05-12T15:31:17","phones":[],"objects":[],"characters":[52429,52393],"vehicles":[],"interiors":[],"accounts":[],"content":"من فوق","factions":[]}
{"action":15,"origin":"ch52429","date":"2022-05-12T15:31:18","phones":[],"objects":[],"characters":[52429,52393],"vehicles":[],"interiors":[],"accounts":[],"content":"تكون ","factions":[]}
{"action":15,"origin":"ch52429","date":"2022-05-12T15:31:20","phones":[],"objects":[],"characters":[52429,52393],"vehicles":[],"interiors":[],"accounts":[],"content":"مشان تصميم","factions":[]}
{"action":15,"origin":"ch52393","date":"2022-05-12T15:31:31","phones":[],"objects":[],"characters":[52393,52429],"vehicles":[],"interiors":[],"accounts":[],"content":"باخذ اثنين","factions":[]}
{"action":15,"origin":"ch52393","date":"2022-05-12T15:31:34","phones":[],"objects":[],"characters":[52393,52429],"vehicles":[],"interiors":[],"accounts":[],"content":"واركبهم بنفس صورة","factions":[]}
{"action":15,"origin":"ch52393","date":"2022-05-12T15:31:36","phones":[],"objects":[],"characters":[52393,52429],"vehicles":[],"interiors":[],"accounts":[],"content":"بشكل حلو","factions":[]}
{"action":15,"origin":"ch52429","date":"2022-05-12T15:31:39","phones":[],"objects":[],"characters":[52429,52393],"vehicles":[],"interiors":[],"accounts":[],"content":"يب ","factions":[]}
{"action":15,"origin":"ch52429","date":"2022-05-12T15:31:42","phones":[],"objects":[],"characters":[52429,52393],"vehicles":[],"interiors":[],"accounts":[],"content":"والموقع ","factions":[]}
{"action":15,"origin":"ch52429","date":"2022-05-12T15:31:45","phones":[],"objects":[],"characters":[52429,52393],"vehicles":[],"interiors":[],"accounts":[],"content":"بنخليه مكان ثاني","factions":[]}
{"action":4,"origin":"ch52393","date":"2022-05-12T15:31:46","phones":[],"objects":[],"characters":[52393],"vehicles":[],"interiors":[],"accounts":[],"content":"FREECAM","factions":[]}
{"action":15,"origin":"ch52429","date":"2022-05-12T15:31:48","phones":[],"objects":[],"characters":[52429,52393],"vehicles":[],"interiors":[],"accounts":[],"content":"يعني في خريطة gps","factions":[]}
{"action":15,"origin":"ch52429","date":"2022-05-12T15:31:53","phones":[],"objects":[],"characters":[52429,52393],"vehicles":[],"interiors":[],"accounts":[],"content":"غير صورة الاساسية صح؟","factions":[]}
{"action":15,"origin":"ch52393","date":"2022-05-12T15:32:07","phones":[],"objects":[],"characters":[52393,52429],"vehicles":[],"interiors":[],"accounts":[],"content":"يب ","factions":[]}
{"action":15,"origin":"ch52393","date":"2022-05-12T15:32:41","phones":[],"objects":[],"characters":[52393,52429],"vehicles":[],"interiors":[],"accounts":[],"content":"تم ","factions":[]}
{"action":15,"origin":"ch52393","date":"2022-05-12T15:32:46","phones":[],"objects":[],"characters":[52393,52429],"vehicles":[],"interiors":[],"accounts":[],"content":"انزل نلعب جيم ذا","factions":[]}
{"action":15,"origin":"ch52393","date":"2022-05-12T15:33:05","phones":[],"objects":[],"characters":[52393,52429],"vehicles":[],"interiors":[],"accounts":[],"content":"اوه ","factions":[]}
{"action":15,"origin":"ch52393","date":"2022-05-12T15:33:07","phones":[],"objects":[],"characters":[52393,52429],"vehicles":[],"interiors":[],"accounts":[],"content":"ايم قوي","factions":[]}
{"action":15,"origin":"ch52429","date":"2022-05-12T15:33:18","phones":[],"objects":[],"characters":[52429,52393],"vehicles":[],"interiors":[],"accounts":[],"content":"ديقل حبة 1","factions":[]}
{"action":15,"origin":"ch52429","date":"2022-05-12T15:33:21","phones":[],"objects":[],"characters":[52429,52393],"vehicles":[],"interiors":[],"accounts":[],"content":"m4 3 يمكن","factions":[]}
{"action":15,"origin":"ch52429","date":"2022-05-12T15:33:22","phones":[],"objects":[],"characters":[52429,52393],"vehicles":[],"interiors":[],"accounts":[],"content":"او 4","factions":[]}
{"action":15,"origin":"ch52429","date":"2022-05-12T15:33:24","phones":[],"objects":[],"characters":[52429,52393],"vehicles":[],"interiors":[],"accounts":[],"content":"مشان تنزل واحد","factions":[]}
{"action":15,"origin":"ch52393","date":"2022-05-12T15:33:29","phones":[],"objects":[],"characters":[52393,52429],"vehicles":[],"interiors":[],"accounts":[],"content":"اها ","factions":[]}
{"action":31,"origin":"ch52429","date":"2022-05-12T15:33:31","phones":[],"objects":[],"characters":[52429],"vehicles":[],"interiors":[2330],"accounts":[],"content":"EXITED","factions":[]}
{"action":15,"origin":"ch52393","date":"2022-05-12T15:33:31","phones":[],"objects":[],"characters":[52393,52429],"vehicles":[],"interiors":[],"accounts":[],"content":"طيب بصورة","factions":[]}
{"action":15,"origin":"ch52393","date":"2022-05-12T15:33:32","phones":[],"objects":[],"characters":[52393,52429],"vehicles":[],"interiors":[],"accounts":[],"content":"gps ","factions":[]}
{"action":31,"origin":"ch52393","date":"2022-05-12T15:33:33","phones":[],"objects":[],"characters":[52393],"vehicles":[],"interiors":[2330],"accounts":[],"content":"EXITED","factions":[]}
{"action":15,"origin":"ch52429","date":"2022-05-12T15:34:07","phones":[],"objects":[],"characters":[52429,52393],"vehicles":[],"interiors":[],"accounts":[],"content":"جهازك قوي ولا ضعيف","factions":[]}
{"action":15,"origin":"ch52393","date":"2022-05-12T15:34:18","phones":[],"objects":[],"characters":[52393,52429],"vehicles":[],"interiors":[],"accounts":[],"content":"قوي ","factions":[]}
{"action":15,"origin":"ch52393","date":"2022-05-12T15:34:20","phones":[],"objects":[],"characters":[52393,52429],"vehicles":[],"interiors":[],"accounts":[],"content":"شوي ","factions":[]}
{"action":15,"origin":"ch52429","date":"2022-05-12T15:34:25","phones":[],"objects":[],"characters":[52429,52393],"vehicles":[],"interiors":[],"accounts":[],"content":"ليش مش حاط draw distance","factions":[]}
{"action":15,"origin":"ch52429","date":"2022-05-12T15:34:26","phones":[],"objects":[],"characters":[52429,52393],"vehicles":[],"interiors":[],"accounts":[],"content":"عالية ","factions":[]}
{"action":15,"origin":"ch52429","date":"2022-05-12T15:34:28","phones":[],"objects":[],"characters":[52429,52393],"vehicles":[],"interiors":[],"accounts":[],"content":"من اعدادات","factions":[]}
{"action":15,"origin":"ch52429","date":"2022-05-12T15:34:30","phones":[],"objects":[],"characters":[52429,52393],"vehicles":[],"interiors":[],"accounts":[],"content":"مشان ماب كامل يظهر","factions":[]}
{"action":15,"origin":"ch52429","date":"2022-05-12T15:34:37","phones":[],"objects":[],"characters":[52429,52393],"vehicles":[],"interiors":[],"accounts":[],"content":"وخليها 0 بس تخلص صورة","factions":[]}
{"action":31,"origin":"ch52429","date":"2022-05-12T15:34:44","phones":[],"objects":[],"characters":[52429],"vehicles":[],"interiors":[2330],"accounts":[],"content":"ENTERED","factions":[]}
{"action":15,"origin":"ch52393","date":"2022-05-12T15:34:49","phones":[],"objects":[],"characters":[52393,52429],"vehicles":[],"interiors":[],"accounts":[],"content":"تمام ","factions":[]}
{"action":15,"origin":"ch52429","date":"2022-05-12T15:34:54","phones":[],"objects":[],"characters":[52429,52393],"vehicles":[],"interiors":[],"accounts":[],"content":"بدك اسحبك؟","factions":[]}
{"action":15,"origin":"ch52393","date":"2022-05-12T15:34:56","phones":[],"objects":[],"characters":[52393,52429],"vehicles":[],"interiors":[],"accounts":[],"content":"يب ","factions":[]}
{"action":15,"origin":"ch52429","date":"2022-05-12T15:35:11","phones":[],"objects":[],"characters":[52429,52393],"vehicles":[],"interiors":[],"accounts":[],"content":"حطيتها 100؟","factions":[]}
{"action":15,"origin":"ch52393","date":"2022-05-12T15:35:17","phones":[],"objects":[],"characters":[52393,52429],"vehicles":[],"interiors":[],"accounts":[],"content":"يب ","factions":[]}
{"action":4,"origin":"ch52393","date":"2022-05-12T15:35:19","phones":[],"objects":[],"characters":[52393],"vehicles":[],"interiors":[],"accounts":[],"content":"FREECAM","factions":[]}
{"action":15,"origin":"ch52429","date":"2022-05-12T15:35:21","phones":[],"objects":[],"characters":[52429,52393],"vehicles":[],"interiors":[],"accounts":[],"content":"الحين جرب خذ","factions":[]}
{"action":15,"origin":"ch52429","date":"2022-05-12T15:35:23","phones":[],"objects":[],"characters":[52429,52393],"vehicles":[],"interiors":[],"accounts":[],"content":"كل شيء يظهر","factions":[]}
{"action":4,"origin":"ch52429","date":"2022-05-12T15:35:35","phones":[],"objects":[],"characters":[52429],"vehicles":[],"interiors":[],"accounts":[],"content":"FREECAM","factions":[]}
{"action":15,"origin":"ch52393","date":"2022-05-12T15:35:47","phones":[],"objects":[],"characters":[52393,52429],"vehicles":[],"interiors":[],"accounts":[],"content":"يب ","factions":[]}
{"action":15,"origin":"ch52393","date":"2022-05-12T15:35:48","phones":[],"objects":[],"characters":[52393,52429],"vehicles":[],"interiors":[],"accounts":[],"content":"افضل ","factions":[]}
{"action":15,"origin":"ch52393","date":"2022-05-12T15:36:39","phones":[],"objects":[],"characters":[52393,52429],"vehicles":[],"interiors":[],"accounts":[],"content":"تم ","factions":[]}
{"action":8,"origin":"ch52393","date":"2022-05-12T15:37:21","phones":[],"objects":[],"characters":[52429,52393],"vehicles":[],"interiors":[],"accounts":[],"content":"رخص المود","factions":[]}
{"action":8,"origin":"ch52393","date":"2022-05-12T15:37:24","phones":[],"objects":[],"characters":[52429,52393],"vehicles":[],"interiors":[],"accounts":[],"content":"50 كتير شوي","factions":[]}
{"action":15,"origin":"ch52429","date":"2022-05-12T15:37:24","phones":[],"objects":[],"characters":[52429,52393],"vehicles":[],"interiors":[],"accounts":[],"content":"بدك تجرب ماد ثانية؟","factions":[]}
{"action":8,"origin":"ch52393","date":"2022-05-12T15:37:27","phones":[],"objects":[],"characters":[52429,52393],"vehicles":[],"interiors":[],"accounts":[],"content":"خلها 30 مثلا","factions":[]}
{"action":8,"origin":"ch52429","date":"2022-05-12T15:37:29","phones":[],"objects":[],"characters":[52429,52393],"vehicles":[],"interiors":[],"accounts":[],"content":"يب","factions":[]}
{"action":15,"origin":"ch52393","date":"2022-05-12T15:38:11","phones":[],"objects":[],"characters":[52393,52429],"vehicles":[],"interiors":[],"accounts":[],"content":"حلوة ذي","factions":[]}
{"action":15,"origin":"ch52393","date":"2022-05-12T15:38:15","phones":[],"objects":[],"characters":[52393,52429],"vehicles":[],"interiors":[],"accounts":[],"content":"بس فيها كامبره","factions":[]}
{"action":15,"origin":"ch52393","date":"2022-05-12T15:38:17","phones":[],"objects":[],"characters":[52393,52429],"vehicles":[],"interiors":[],"accounts":[],"content":"كثيررر ","factions":[]}
{"action":15,"origin":"ch52429","date":"2022-05-12T15:38:23","phones":[],"objects":[],"characters":[52429,52393],"vehicles":[],"interiors":[],"accounts":[],"content":"يب ","factions":[]}
{"action":15,"origin":"ch52429","date":"2022-05-12T15:38:34","phones":[],"objects":[],"characters":[52429,52393],"vehicles":[],"interiors":[],"accounts":[],"content":"اختار واحد","factions":[]}
{"action":15,"origin":"ch52429","date":"2022-05-12T15:38:35","phones":[],"objects":[],"characters":[52429,52393],"vehicles":[],"interiors":[],"accounts":[],"content":"هم 3 بس","factions":[]}
{"action":15,"origin":"ch52429","date":"2022-05-12T15:38:41","phones":[],"objects":[],"characters":[52429,52393],"vehicles":[],"interiors":[],"accounts":[],"content":"ضل 4 مكسل اسويله ماب","factions":[]}
{"action":15,"origin":"ch52393","date":"2022-05-12T15:39:00","phones":[],"objects":[],"characters":[52393,52429],"vehicles":[],"interiors":[],"accounts":[],"content":"بروح اسويلك","factions":[]}
{"action":15,"origin":"ch52393","date":"2022-05-12T15:39:01","phones":[],"objects":[],"characters":[52393,52429],"vehicles":[],"interiors":[],"accounts":[],"content":"صورة الان","factions":[]}
{"action":15,"origin":"ch52393","date":"2022-05-12T15:39:03","phones":[],"objects":[],"characters":[52393,52429],"vehicles":[],"interiors":[],"accounts":[],"content":"شرايك؟ ","factions":[]}
{"action":39,"origin":"ch52429","date":"2022-05-12T15:39:04","phones":[],"objects":[890866],"characters":[],"vehicles":[],"interiors":[],"accounts":[],"content":"~World #890866 @ (2485.8798828125, -1660.2399902344, 12.855400085449) in (int 3, dim 2330) ->Theo_Perace - Shell Casing - .45 casing","factions":[]}
{"action":40,"origin":"ch52429","date":"2022-05-12T15:39:04","phones":[],"objects":[],"characters":[52429,52393],"vehicles":[],"interiors":[],"accounts":[],"content":"Theo Perace bends over and picks up a Shell Casing.","factions":[]}
{"action":15,"origin":"ch52429","date":"2022-05-12T15:39:07","phones":[],"objects":[],"characters":[52429,52393],"vehicles":[],"interiors":[],"accounts":[],"content":"والله كفو","factions":[]}
{"action":15,"origin":"ch52429","date":"2022-05-12T15:39:08","phones":[],"objects":[],"characters":[52429,52393],"vehicles":[],"interiors":[],"accounts":[],"content":"لو تقدر","factions":[]}
{"action":15,"origin":"ch52393","date":"2022-05-12T15:39:10","phones":[],"objects":[],"characters":[52393,52429],"vehicles":[],"interiors":[],"accounts":[],"content":"كفوك ","factions":[]}
{"action":15,"origin":"ch52429","date":"2022-05-12T15:39:10","phones":[],"objects":[],"characters":[52429,52393],"vehicles":[],"interiors":[],"accounts":[],"content":"عشان شفت","factions":[]}
{"action":15,"origin":"ch52429","date":"2022-05-12T15:39:12","phones":[],"objects":[],"characters":[52429,52393],"vehicles":[],"interiors":[],"accounts":[],"content":"تصاميمكم ","factions":[]}
{"action":15,"origin":"ch52429","date":"2022-05-12T15:39:13","phones":[],"objects":[],"characters":[52429,52393],"vehicles":[],"interiors":[],"accounts":[],"content":"حلوة ","factions":[]}
{"action":31,"origin":"ch52429","date":"2022-05-12T15:39:17","phones":[],"objects":[],"characters":[52429],"vehicles":[],"interiors":[2330],"accounts":[],"content":"EXITED","factions":[]}
{"action":15,"origin":"ch52393","date":"2022-05-12T15:39:26","phones":[],"objects":[],"characters":[52393,52429],"vehicles":[],"interiors":[],"accounts":[],"content":"مسويها انا","factions":[]}
{"action":15,"origin":"ch52429","date":"2022-05-12T15:39:28","phones":[],"objects":[],"characters":[52429,52393],"vehicles":[],"interiors":[],"accounts":[],"content":"تصاميمك* ","factions":[]}
{"action":31,"origin":"ch52393","date":"2022-05-12T15:39:29","phones":[],"objects":[],"characters":[52393],"vehicles":[],"interiors":[2330],"accounts":[],"content":"EXITED","factions":[]}
{"action":15,"origin":"ch52429","date":"2022-05-12T15:39:31","phones":[],"objects":[],"characters":[52429,52393],"vehicles":[],"interiors":[],"accounts":[],"content":"يب ","factions":[]}
{"action":15,"origin":"ch52429","date":"2022-05-12T15:39:40","phones":[],"objects":[],"characters":[52429,52393],"vehicles":[],"interiors":[],"accounts":[],"content":"اعذرني عربي شوي عاطل عندي","factions":[]}
{"action":15,"origin":"ch52393","date":"2022-05-12T15:39:41","phones":[],"objects":[],"characters":[52393,52429],"vehicles":[],"interiors":[],"accounts":[],"content":"يلا بروح الحين","factions":[]}
{"action":15,"origin":"ch52429","date":"2022-05-12T15:39:42","phones":[],"objects":[],"characters":[52429,52393],"vehicles":[],"interiors":[],"accounts":[],"content":"نادرا ما اكتب عربي","factions":[]}
{"action":15,"origin":"ch52429","date":"2022-05-12T15:39:43","phones":[],"objects":[],"characters":[52429,52393],"vehicles":[],"interiors":[],"accounts":[],"content":"ههههههه ","factions":[]}
{"action":15,"origin":"ch52429","date":"2022-05-12T15:39:46","phones":[],"objects":[],"characters":[52429,52393],"vehicles":[],"interiors":[],"accounts":[],"content":"بس اسطورة شغلك","factions":[]}
{"action":31,"origin":"ch52429","date":"2022-05-12T15:39:49","phones":[],"objects":[],"characters":[52429],"vehicles":[],"interiors":[2330],"accounts":[],"content":"ENTERED","factions":[]}
{"action":15,"origin":"ch52393","date":"2022-05-12T15:39:49","phones":[],"objects":[],"characters":[52393,52429],"vehicles":[],"interiors":[],"accounts":[],"content":"حبب ولله","factions":[]}
{"action":31,"origin":"ch52429","date":"2022-05-12T15:39:51","phones":[],"objects":[],"characters":[52429],"vehicles":[],"interiors":[2330],"accounts":[],"content":"EXITED","factions":[]}
{"action":15,"origin":"ch52393","date":"2022-05-12T15:39:57","phones":[],"objects":[],"characters":[52393,52429],"vehicles":[],"interiors":[],"accounts":[],"content":"بفضل بسيرفر","factions":[]}
{"action":15,"origin":"ch52429","date":"2022-05-12T15:40:00","phones":[],"objects":[],"characters":[52429,52393],"vehicles":[],"interiors":[],"accounts":[],"content":"يلا تمام الله يعطيك العافية","factions":[]}
{"action":15,"origin":"ch52393","date":"2022-05-12T15:40:02","phones":[],"objects":[],"characters":[52393,52429],"vehicles":[],"interiors":[],"accounts":[],"content":"لو تبي شيء","factions":[]}
{"action":15,"origin":"ch52393","date":"2022-05-12T15:40:03","phones":[],"objects":[],"characters":[52393,52429],"vehicles":[],"interiors":[],"accounts":[],"content":"نقطلي ","factions":[]}
{"action":15,"origin":"ch52393","date":"2022-05-12T15:40:09","phones":[],"objects":[],"characters":[52393,52429],"vehicles":[],"interiors":[],"accounts":[],"content":"عشان اسمع صوت الماسج","factions":[]}
{"action":26,"origin":"ch52393","date":"2022-05-12T15:40:28","phones":[],"objects":[],"characters":[52393],"vehicles":[],"interiors":[],"accounts":[],"content":"Purchase logs: FREE GAMECOINS AWARD! (LEAD ADMIN MARR) - Cost: 450 GCs","factions":[]}
{"action":4,"origin":"ch52429","date":"2022-05-12T15:40:28","phones":[],"objects":[],"characters":[52393],"vehicles":[],"interiors":[],"accounts":[],"content":"givegc GCs: 450 Reason: مساهمة في عمل والتصميم","factions":[]}
{"action":15,"origin":"ch52429","date":"2022-05-12T15:40:37","phones":[],"objects":[],"characters":[52429,52393],"vehicles":[],"interiors":[],"accounts":[],"content":"يب ","factions":[]}
{"action":15,"origin":"ch52393","date":"2022-05-12T15:40:45","phones":[],"objects":[],"characters":[52393,52429],"vehicles":[],"interiors":[],"accounts":[],"content":"ولله ما ابي شيء يغالي","factions":[]}
{"action":15,"origin":"ch52429","date":"2022-05-12T15:41:02","phones":[],"objects":[],"characters":[52429,52393],"vehicles":[],"interiors":[],"accounts":[],"content":"مش صورة اف 11","factions":[]}
{"action":15,"origin":"ch52429","date":"2022-05-12T15:41:03","phones":[],"objects":[],"characters":[52429,52393],"vehicles":[],"interiors":[],"accounts":[],"content":"احسن بتبقى","factions":[]}
{"action":15,"origin":"ch52429","date":"2022-05-12T15:41:09","phones":[],"objects":[],"characters":[52429,52393],"vehicles":[],"interiors":[],"accounts":[],"content":"عشان في منهم مش حافظين ماب","factions":[]}
{"action":4,"origin":"ch52429","date":"2022-05-12T15:41:19","phones":[],"objects":[],"characters":[52429],"vehicles":[],"interiors":[],"accounts":[],"content":"FREECAM","factions":[]}
{"action":15,"origin":"ch52393","date":"2022-05-12T15:41:36","phones":[],"objects":[],"characters":[52393,52429],"vehicles":[],"interiors":[],"accounts":[],"content":"تم ","factions":[]}
{"action":15,"origin":"ch52429","date":"2022-05-12T15:43:51","phones":[],"objects":[],"characters":[52429,52393],"vehicles":[],"interiors":[],"accounts":[],"content":"تمام الله يعطيك العافية","factions":[]}
{"action":15,"origin":"ch52429","date":"2022-05-12T15:43:52","phones":[],"objects":[],"characters":[52429,52393],"vehicles":[],"interiors":[],"accounts":[],"content":"انا بروح","factions":[]}
{"action":31,"origin":"ch52429","date":"2022-05-12T15:44:23","phones":[],"objects":[],"characters":[52429],"vehicles":[],"interiors":[2330],"accounts":[],"content":"ENTERED","factions":[]}
{"action":31,"origin":"ch52429","date":"2022-05-12T15:44:36","phones":[],"objects":[],"characters":[52429],"vehicles":[],"interiors":[2313],"accounts":[],"content":"ENTERED","factions":[]}
{"action":4,"origin":"ch52429","date":"2022-05-12T15:44:50","phones":[],"objects":[],"characters":[52429],"vehicles":[],"interiors":[],"accounts":[],"content":"FREECAM","factions":[]}
{"action":27,"origin":"ac132660","date":"2022-05-12T15:47:23","phones":[],"objects":[],"characters":[52429],"vehicles":[],"interiors":[],"accounts":[132660],"content":"Disconnected (Quit) (Name: Theo_Perace)","factions":[]}
{"action":31,"origin":"ch52393","date":"2022-05-12T15:55:51","phones":[],"objects":[],"characters":[52393],"vehicles":[],"interiors":[2330],"accounts":[],"content":"ENTERED","factions":[]}
{"action":27,"origin":"ac132683","date":"2022-05-12T16:00:29","phones":[],"objects":[],"characters":[52393],"vehicles":[],"interiors":[],"accounts":[132683],"content":"Disconnected (Quit) (Name: Vondell_Warren)","factions":[]}
{"action":27,"origin":"ac132755","date":"2022-05-12T21:50:18","phones":[],"objects":[],"characters":[],"vehicles":[],"interiors":[],"accounts":[132755],"content":"Connected from 102.189.250.153 - A62E99B5EE84E810A29298B860D365B2","factions":[]}
{"action":27,"origin":"ac132755","date":"2022-05-12T21:50:27","phones":[],"objects":[],"characters":[52472],"vehicles":[],"interiors":[],"accounts":[132755],"content":"Spawned","factions":[]}
{"action":7,"origin":"ch52472","date":"2022-05-12T22:07:16","phones":[],"objects":[],"characters":[52472],"vehicles":[],"interiors":[],"accounts":[],"content":"English: \\forcepayday","factions":[]}
{"action":31,"origin":"ch52472","date":"2022-05-12T22:08:53","phones":[],"objects":[],"characters":[52472],"vehicles":[970],"interiors":[],"accounts":[],"content":"STARTED ENGINE","factions":[]}
{"action":6,"origin":"ch52472","date":"2022-05-12T22:09:54","phones":[],"objects":[],"characters":[52472],"vehicles":[970],"interiors":[],"accounts":[],"content":"FIXVEH","factions":[]}
{"action":6,"origin":"ch52472","date":"2022-05-12T22:10:04","phones":[],"objects":[],"characters":[52472],"vehicles":[970],"interiors":[],"accounts":[],"content":"FIXVEH","factions":[]}
{"action":31,"origin":"ch52472","date":"2022-05-12T22:10:04","phones":[],"objects":[],"characters":[52472],"vehicles":[970],"interiors":[],"accounts":[],"content":"STARTED ENGINE","factions":[]}
{"action":6,"origin":"ch52472","date":"2022-05-12T22:10:31","phones":[],"objects":[],"characters":[52472],"vehicles":[970],"interiors":[],"accounts":[],"content":"FIXVEH","factions":[]}
{"action":31,"origin":"ch52472","date":"2022-05-12T22:10:32","phones":[],"objects":[],"characters":[52472],"vehicles":[970],"interiors":[],"accounts":[],"content":"STARTED ENGINE","factions":[]}
{"action":6,"origin":"ch52472","date":"2022-05-12T22:10:35","phones":[],"objects":[],"characters":[52472],"vehicles":[970],"interiors":[],"accounts":[],"content":"FIXVEH","factions":[]}
{"action":6,"origin":"ch52472","date":"2022-05-12T22:10:38","phones":[],"objects":[],"characters":[],"vehicles":[970],"interiors":[],"accounts":[],"content":"RESPAWN","factions":[]}
{"action":31,"origin":"ch52472","date":"2022-05-12T22:11:03","phones":[],"objects":[],"characters":[],"vehicles":[],"interiors":[1173],"accounts":[],"content":"UNLOCK INTERIOR","factions":[]}
{"action":31,"origin":"ch52472","date":"2022-05-12T22:11:04","phones":[],"objects":[],"characters":[52472],"vehicles":[],"interiors":[1173],"accounts":[],"content":"ENTERED","factions":[]}
{"action":31,"origin":"ch52472","date":"2022-05-12T22:11:05","phones":[],"objects":[],"characters":[],"vehicles":[],"interiors":[1173],"accounts":[],"content":"LOCK INTERIOR","factions":[]}
{"action":31,"origin":"ch52472","date":"2022-05-12T22:11:25","phones":[],"objects":[],"characters":[],"vehicles":[],"interiors":[1173],"accounts":[],"content":"UNLOCK INTERIOR","factions":[]}
{"action":31,"origin":"ch52472","date":"2022-05-12T22:11:25","phones":[],"objects":[],"characters":[52472],"vehicles":[],"interiors":[1173],"accounts":[],"content":"EXITED","factions":[]}
{"action":31,"origin":"ch52472","date":"2022-05-12T22:11:27","phones":[],"objects":[],"characters":[],"vehicles":[],"interiors":[1173],"accounts":[],"content":"LOCK INTERIOR","factions":[]}
{"action":31,"origin":"ch52472","date":"2022-05-12T22:11:38","phones":[],"objects":[],"characters":[],"vehicles":[],"interiors":[998],"accounts":[],"content":"UNLOCK INTERIOR","factions":[]}
{"action":31,"origin":"ch52472","date":"2022-05-12T22:11:38","phones":[],"objects":[],"characters":[52472],"vehicles":[],"interiors":[998],"accounts":[],"content":"ENTERED","factions":[]}
{"action":31,"origin":"ch52472","date":"2022-05-12T22:12:09","phones":[],"objects":[],"characters":[52472],"vehicles":[],"interiors":[1115],"accounts":[],"content":"ENTERED","factions":[]}
{"action":31,"origin":"ch52472","date":"2022-05-12T22:12:11","phones":[],"objects":[],"characters":[52472],"vehicles":[],"interiors":[1115],"accounts":[],"content":"EXITED","factions":[]}
{"action":31,"origin":"ch52472","date":"2022-05-12T22:12:17","phones":[],"objects":[],"characters":[52472],"vehicles":[],"interiors":[998],"accounts":[],"content":"EXITED","factions":[]}
{"action":31,"origin":"ch52472","date":"2022-05-12T22:12:19","phones":[],"objects":[],"characters":[],"vehicles":[],"interiors":[998],"accounts":[],"content":"LOCK INTERIOR","factions":[]}
{"action":31,"origin":"ch52472","date":"2022-05-12T22:12:41","phones":[],"objects":[],"characters":[],"vehicles":[],"interiors":[554],"accounts":[],"content":"UNLOCK INTERIOR","factions":[]}
{"action":31,"origin":"ch52472","date":"2022-05-12T22:12:42","phones":[],"objects":[],"characters":[52472],"vehicles":[],"interiors":[554],"accounts":[],"content":"ENTERED","factions":[]}
{"action":31,"origin":"ch52472","date":"2022-05-12T22:12:48","phones":[],"objects":[],"characters":[52472],"vehicles":[],"interiors":[556],"accounts":[],"content":"ENTERED","factions":[]}
{"action":31,"origin":"ch52472","date":"2022-05-12T22:12:50","phones":[],"objects":[],"characters":[52472],"vehicles":[],"interiors":[556],"accounts":[],"content":"EXITED","factions":[]}
{"action":37,"origin":"ch52472","date":"2022-05-12T22:12:55","phones":[],"objects":[],"characters":[52472],"vehicles":[],"interiors":[554],"accounts":[],"content":"ANTIFALL","factions":[]}
{"action":31,"origin":"ch52472","date":"2022-05-12T22:13:00","phones":[],"objects":[],"characters":[52472],"vehicles":[],"interiors":[191],"accounts":[],"content":"ENTERED","factions":[]}
{"action":31,"origin":"ch52472","date":"2022-05-12T22:13:03","phones":[],"objects":[],"characters":[52472],"vehicles":[],"interiors":[191],"accounts":[],"content":"EXITED","factions":[]}
{"action":31,"origin":"ch52472","date":"2022-05-12T22:13:08","phones":[],"objects":[],"characters":[52472],"vehicles":[],"interiors":[554],"accounts":[],"content":"EXITED","factions":[]}
{"action":31,"origin":"ch52472","date":"2022-05-12T22:13:09","phones":[],"objects":[],"characters":[],"vehicles":[],"interiors":[554],"accounts":[],"content":"LOCK INTERIOR","factions":[]}
{"action":31,"origin":"ch52472","date":"2022-05-12T22:13:18","phones":[],"objects":[],"characters":[52472],"vehicles":[],"interiors":[681],"accounts":[],"content":"ENTERED","factions":[]}
{"action":31,"origin":"ch52472","date":"2022-05-12T22:13:36","phones":[],"objects":[],"characters":[52472],"vehicles":[],"interiors":[681],"accounts":[],"content":"EXITED","factions":[]}
{"action":27,"origin":"ac132755","date":"2022-05-12T22:13:40","phones":[],"objects":[],"characters":[52472],"vehicles":[],"interiors":[],"accounts":[132755],"content":"Disconnected (Quit) (Name: Abdulkader_Rahim)","factions":[]}
{"action":27,"origin":"ac132689","date":"2022-05-13T01:08:32","phones":[],"objects":[],"characters":[],"vehicles":[],"interiors":[],"accounts":[132689],"content":"Connected from 197.0.1.58 - FA4A85BA1EB44F249E47277BBF766D62","factions":[]}
